{"numFailedTestSuites":4,"numFailedTests":7,"numPassedTestSuites":43,"numPassedTests":141,"numPendingTestSuites":0,"numPendingTests":0,"numRuntimeErrorTestSuites":0,"numTotalTestSuites":47,"numTotalTests":148,"openHandles":[],"snapshot":{"added":0,"didUpdate":false,"failure":false,"filesAdded":0,"filesRemoved":0,"filesUnmatched":0,"filesUpdated":0,"matched":5,"total":5,"unchecked":0,"uncheckedKeysByFile":[],"unmatched":0,"updated":0},"startTime":1531792183420,"success":false,"testResults":[{"assertionResults":[{"ancestorTitles":["rootSaga()"],"failureMessages":["Error: \u001b[2mexpect(\u001b[22m\u001b[31mreceived\u001b[39m\u001b[2m).toEqual(\u001b[22m\u001b[32mexpected\u001b[39m\u001b[2m)\u001b[22m\n\nExpected value to equal:\n  \u001b[32m{\"@@redux-saga/IO\": true, \"ALL\": [{\"_invoke\": [Function invoke]}, {\"_invoke\": [Function invoke]}, {\"_invoke\": [Function invoke]}, {\"_invoke\": [Function invoke]}, {\"_invoke\": [Function invoke]}, {\"_invoke\": [Function invoke]}, {\"_invoke\": [Function invoke]}, {\"_invoke\": [Function invoke]}]}\u001b[39m\nReceived:\n  \u001b[31m{\"@@redux-saga/IO\": true, \"ALL\": [{\"_invoke\": [Function invoke]}, {\"_invoke\": [Function invoke]}, {\"_invoke\": [Function invoke]}, {\"_invoke\": [Function invoke]}, {\"_invoke\": [Function invoke]}, {\"_invoke\": [Function invoke]}, {\"_invoke\": [Function invoke]}, {\"_invoke\": [Function invoke]}, {\"_invoke\": [Function invoke]}, {\"_invoke\": [Function invoke]}, {\"_invoke\": [Function invoke]}, {\"_invoke\": [Function invoke]}, {\"_invoke\": [Function invoke]}]}\u001b[39m\n\nDifference:\n\n\u001b[32m- Expected\u001b[39m\n\u001b[31m+ Received\u001b[39m\n\n\u001b[33m@@ -23,7 +23,22 @@\u001b[39m\n\u001b[2m        \"_invoke\": [Function invoke],\u001b[22m\n\u001b[2m      },\u001b[22m\n\u001b[2m      GeneratorFunctionPrototype {\u001b[22m\n\u001b[2m        \"_invoke\": [Function invoke],\u001b[22m\n\u001b[2m      },\u001b[22m\n\u001b[31m+     GeneratorFunctionPrototype {\u001b[39m\n\u001b[31m+       \"_invoke\": [Function invoke],\u001b[39m\n\u001b[31m+     },\u001b[39m\n\u001b[31m+     GeneratorFunctionPrototype {\u001b[39m\n\u001b[31m+       \"_invoke\": [Function invoke],\u001b[39m\n\u001b[31m+     },\u001b[39m\n\u001b[31m+     GeneratorFunctionPrototype {\u001b[39m\n\u001b[31m+       \"_invoke\": [Function invoke],\u001b[39m\n\u001b[31m+     },\u001b[39m\n\u001b[31m+     GeneratorFunctionPrototype {\u001b[39m\n\u001b[31m+       \"_invoke\": [Function invoke],\u001b[39m\n\u001b[31m+     },\u001b[39m\n\u001b[31m+     GeneratorFunctionPrototype {\u001b[39m\n\u001b[31m+       \"_invoke\": [Function invoke],\u001b[39m\n\u001b[31m+     },\u001b[39m\n\u001b[2m    ],\u001b[22m\n\u001b[2m  }\u001b[22m\n    at Object.<anonymous> (/Users/hoang.tuan.anh/Desktop/simple-react-boilerplate/utils/__test__/rootSaga.spec.js:16:30)\n    at Object.asyncFn (/Users/hoang.tuan.anh/Desktop/simple-react-boilerplate/node_modules/jest-jasmine2/build/jasmine_async.js:108:37)\n    at resolve (/Users/hoang.tuan.anh/Desktop/simple-react-boilerplate/node_modules/jest-jasmine2/build/queue_runner.js:56:12)\n    at new Promise (<anonymous>)\n    at mapper (/Users/hoang.tuan.anh/Desktop/simple-react-boilerplate/node_modules/jest-jasmine2/build/queue_runner.js:43:19)\n    at promise.then (/Users/hoang.tuan.anh/Desktop/simple-react-boilerplate/node_modules/jest-jasmine2/build/queue_runner.js:87:41)\n    at process._tickCallback (internal/process/next_tick.js:68:7)"],"fullName":"rootSaga() should watch all saga","location":null,"status":"failed","title":"should watch all saga"}],"endTime":1531792187184,"message":"\u001b[1m\u001b[31m  \u001b[1m● \u001b[1mrootSaga() › should watch all saga\u001b[39m\u001b[22m\n\n    \u001b[2mexpect(\u001b[22m\u001b[31mreceived\u001b[39m\u001b[2m).toEqual(\u001b[22m\u001b[32mexpected\u001b[39m\u001b[2m)\u001b[22m\n\n    Expected value to equal:\n      \u001b[32m{\"@@redux-saga/IO\": true, \"ALL\": [{\"_invoke\": [Function invoke]}, {\"_invoke\": [Function invoke]}, {\"_invoke\": [Function invoke]}, {\"_invoke\": [Function invoke]}, {\"_invoke\": [Function invoke]}, {\"_invoke\": [Function invoke]}, {\"_invoke\": [Function invoke]}, {\"_invoke\": [Function invoke]}]}\u001b[39m\n    Received:\n      \u001b[31m{\"@@redux-saga/IO\": true, \"ALL\": [{\"_invoke\": [Function invoke]}, {\"_invoke\": [Function invoke]}, {\"_invoke\": [Function invoke]}, {\"_invoke\": [Function invoke]}, {\"_invoke\": [Function invoke]}, {\"_invoke\": [Function invoke]}, {\"_invoke\": [Function invoke]}, {\"_invoke\": [Function invoke]}, {\"_invoke\": [Function invoke]}, {\"_invoke\": [Function invoke]}, {\"_invoke\": [Function invoke]}, {\"_invoke\": [Function invoke]}, {\"_invoke\": [Function invoke]}]}\u001b[39m\n\n    Difference:\n\n    \u001b[32m- Expected\u001b[39m\n    \u001b[31m+ Received\u001b[39m\n\n    \u001b[33m@@ -23,7 +23,22 @@\u001b[39m\n    \u001b[2m        \"_invoke\": [Function invoke],\u001b[22m\n    \u001b[2m      },\u001b[22m\n    \u001b[2m      GeneratorFunctionPrototype {\u001b[22m\n    \u001b[2m        \"_invoke\": [Function invoke],\u001b[22m\n    \u001b[2m      },\u001b[22m\n    \u001b[31m+     GeneratorFunctionPrototype {\u001b[39m\n    \u001b[31m+       \"_invoke\": [Function invoke],\u001b[39m\n    \u001b[31m+     },\u001b[39m\n    \u001b[31m+     GeneratorFunctionPrototype {\u001b[39m\n    \u001b[31m+       \"_invoke\": [Function invoke],\u001b[39m\n    \u001b[31m+     },\u001b[39m\n    \u001b[31m+     GeneratorFunctionPrototype {\u001b[39m\n    \u001b[31m+       \"_invoke\": [Function invoke],\u001b[39m\n    \u001b[31m+     },\u001b[39m\n    \u001b[31m+     GeneratorFunctionPrototype {\u001b[39m\n    \u001b[31m+       \"_invoke\": [Function invoke],\u001b[39m\n    \u001b[31m+     },\u001b[39m\n    \u001b[31m+     GeneratorFunctionPrototype {\u001b[39m\n    \u001b[31m+       \"_invoke\": [Function invoke],\u001b[39m\n    \u001b[31m+     },\u001b[39m\n    \u001b[2m    ],\u001b[22m\n    \u001b[2m  }\u001b[22m\n\u001b[2m\u001b[22m\n\u001b[2m    \u001b[0m \u001b[90m 14 | \u001b[39m  it(\u001b[32m'should watch all saga'\u001b[39m\u001b[33m,\u001b[39m () \u001b[33m=>\u001b[39m {\u001b[0m\u001b[22m\n\u001b[2m    \u001b[0m \u001b[90m 15 | \u001b[39m    \u001b[36mconst\u001b[39m gen \u001b[33m=\u001b[39m cloneableGenerator(rootSaga)()\u001b[33m;\u001b[39m\u001b[0m\u001b[22m\n\u001b[2m    \u001b[0m\u001b[31m\u001b[1m>\u001b[2m\u001b[39m\u001b[90m 16 | \u001b[39m    expect(gen\u001b[33m.\u001b[39mnext()\u001b[33m.\u001b[39mvalue)\u001b[33m.\u001b[39mtoEqual(all([\u001b[0m\u001b[22m\n\u001b[2m    \u001b[0m \u001b[90m    | \u001b[39m                             \u001b[31m\u001b[1m^\u001b[2m\u001b[39m\u001b[0m\u001b[22m\n\u001b[2m    \u001b[0m \u001b[90m 17 | \u001b[39m      watchFetchMovies()\u001b[33m,\u001b[39m\u001b[0m\u001b[22m\n\u001b[2m    \u001b[0m \u001b[90m 18 | \u001b[39m      watchFetchMovie()\u001b[33m,\u001b[39m\u001b[0m\u001b[22m\n\u001b[2m    \u001b[0m \u001b[90m 19 | \u001b[39m      watchSearchMovie()\u001b[33m,\u001b[39m\u001b[0m\u001b[22m\n\u001b[2m\u001b[22m\n\u001b[2m      \u001b[2mat Object.<anonymous> (\u001b[2m\u001b[0m\u001b[36mutils/__test__/rootSaga.spec.js\u001b[39m\u001b[0m\u001b[2m:16:30)\u001b[2m\u001b[22m\n","name":"/Users/hoang.tuan.anh/Desktop/simple-react-boilerplate/utils/__test__/rootSaga.spec.js","startTime":1531792185569,"status":"failed","summary":""},{"assertionResults":[{"ancestorTitles":["<Facebook />","responseFacebook"],"failureMessages":[],"fullName":"<Facebook /> responseFacebook should call setState","location":null,"status":"passed","title":"should call setState"}],"endTime":1531792187261,"message":"","name":"/Users/hoang.tuan.anh/Desktop/simple-react-boilerplate/app/containers/Login/__test__/login.spec.js","startTime":1531792185576,"status":"passed","summary":""},{"assertionResults":[{"ancestorTitles":["watchSaveUserDb"],"failureMessages":[],"fullName":"watchSaveUserDb should watch saveUserDb","location":null,"status":"passed","title":"should watch saveUserDb"},{"ancestorTitles":["saveUserDb"],"failureMessages":[],"fullName":"saveUserDb should call saveUserApi","location":null,"status":"passed","title":"should call saveUserApi"},{"ancestorTitles":["saveUserDb"],"failureMessages":["Error: \u001b[2mexpect(\u001b[22m\u001b[31mreceived\u001b[39m\u001b[2m).toEqual(\u001b[22m\u001b[32mexpected\u001b[39m\u001b[2m)\u001b[22m\n\nExpected value to equal:\n  \u001b[32m{}\u001b[39m\nReceived:\n  \u001b[31m{\"@@redux-saga/IO\": true, \"PUT\": {\"action\": {\"data\": {}, \"type\": \"SAVE_USER_DB_SUCCESS\"}, \"channel\": null}}\u001b[39m\n\nDifference:\n\n\u001b[32m- Expected\u001b[39m\n\u001b[31m+ Received\u001b[39m\n\n\u001b[32m- Object {}\u001b[39m\n\u001b[31m+ Object {\u001b[39m\n\u001b[31m+   \"@@redux-saga/IO\": true,\u001b[39m\n\u001b[31m+   \"PUT\": Object {\u001b[39m\n\u001b[31m+     \"action\": Object {\u001b[39m\n\u001b[31m+       \"data\": Object {},\u001b[39m\n\u001b[31m+       \"type\": \"SAVE_USER_DB_SUCCESS\",\u001b[39m\n\u001b[31m+     },\u001b[39m\n\u001b[31m+     \"channel\": null,\u001b[39m\n\u001b[31m+   },\u001b[39m\n\u001b[31m+ }\u001b[39m\n    at Object.<anonymous> (/Users/hoang.tuan.anh/Desktop/simple-react-boilerplate/app/containers/Login/__test__/saga.spec.js:30:38)\n    at Object.asyncFn (/Users/hoang.tuan.anh/Desktop/simple-react-boilerplate/node_modules/jest-jasmine2/build/jasmine_async.js:108:37)\n    at resolve (/Users/hoang.tuan.anh/Desktop/simple-react-boilerplate/node_modules/jest-jasmine2/build/queue_runner.js:56:12)\n    at new Promise (<anonymous>)\n    at mapper (/Users/hoang.tuan.anh/Desktop/simple-react-boilerplate/node_modules/jest-jasmine2/build/queue_runner.js:43:19)\n    at promise.then (/Users/hoang.tuan.anh/Desktop/simple-react-boilerplate/node_modules/jest-jasmine2/build/queue_runner.js:87:41)\n    at process._tickCallback (internal/process/next_tick.js:68:7)"],"fullName":"saveUserDb should put saveUserDbSuccess","location":null,"status":"failed","title":"should put saveUserDbSuccess"},{"ancestorTitles":["saveUserDb"],"failureMessages":[],"fullName":"saveUserDb should put saveUserDbFail","location":null,"status":"passed","title":"should put saveUserDbFail"}],"endTime":1531792187443,"message":"\u001b[1m\u001b[31m  \u001b[1m● \u001b[1msaveUserDb › should put saveUserDbSuccess\u001b[39m\u001b[22m\n\n    \u001b[2mexpect(\u001b[22m\u001b[31mreceived\u001b[39m\u001b[2m).toEqual(\u001b[22m\u001b[32mexpected\u001b[39m\u001b[2m)\u001b[22m\n\n    Expected value to equal:\n      \u001b[32m{}\u001b[39m\n    Received:\n      \u001b[31m{\"@@redux-saga/IO\": true, \"PUT\": {\"action\": {\"data\": {}, \"type\": \"SAVE_USER_DB_SUCCESS\"}, \"channel\": null}}\u001b[39m\n\n    Difference:\n\n    \u001b[32m- Expected\u001b[39m\n    \u001b[31m+ Received\u001b[39m\n\n    \u001b[32m- Object {}\u001b[39m\n    \u001b[31m+ Object {\u001b[39m\n    \u001b[31m+   \"@@redux-saga/IO\": true,\u001b[39m\n    \u001b[31m+   \"PUT\": Object {\u001b[39m\n    \u001b[31m+     \"action\": Object {\u001b[39m\n    \u001b[31m+       \"data\": Object {},\u001b[39m\n    \u001b[31m+       \"type\": \"SAVE_USER_DB_SUCCESS\",\u001b[39m\n    \u001b[31m+     },\u001b[39m\n    \u001b[31m+     \"channel\": null,\u001b[39m\n    \u001b[31m+   },\u001b[39m\n    \u001b[31m+ }\u001b[39m\n\u001b[2m\u001b[22m\n\u001b[2m    \u001b[0m \u001b[90m 28 | \u001b[39m      data\u001b[33m:\u001b[39m {}\u001b[33m,\u001b[39m\u001b[0m\u001b[22m\n\u001b[2m    \u001b[0m \u001b[90m 29 | \u001b[39m    }\u001b[0m\u001b[22m\n\u001b[2m    \u001b[0m\u001b[31m\u001b[1m>\u001b[2m\u001b[39m\u001b[90m 30 | \u001b[39m    expect(gen\u001b[33m.\u001b[39mnext(response)\u001b[33m.\u001b[39mvalue)\u001b[33m.\u001b[39mtoEqual(response\u001b[33m.\u001b[39mdata)\u001b[0m\u001b[22m\n\u001b[2m    \u001b[0m \u001b[90m    | \u001b[39m                                     \u001b[31m\u001b[1m^\u001b[2m\u001b[39m\u001b[0m\u001b[22m\n\u001b[2m    \u001b[0m \u001b[90m 31 | \u001b[39m  })\u001b[0m\u001b[22m\n\u001b[2m    \u001b[0m \u001b[90m 32 | \u001b[39m\u001b[0m\u001b[22m\n\u001b[2m    \u001b[0m \u001b[90m 33 | \u001b[39m  it(\u001b[32m'should put saveUserDbFail'\u001b[39m\u001b[33m,\u001b[39m () \u001b[33m=>\u001b[39m {\u001b[0m\u001b[22m\n\u001b[2m\u001b[22m\n\u001b[2m      \u001b[2mat Object.<anonymous> (\u001b[2m\u001b[0m\u001b[36mapp/containers/Login/__test__/saga.spec.js\u001b[39m\u001b[0m\u001b[2m:30:38)\u001b[2m\u001b[22m\n","name":"/Users/hoang.tuan.anh/Desktop/simple-react-boilerplate/app/containers/Login/__test__/saga.spec.js","startTime":1531792187240,"status":"failed","summary":""},{"assertionResults":[{"ancestorTitles":["watchFetchUser()"],"failureMessages":[],"fullName":"watchFetchUser() should watch fetchUser","location":null,"status":"passed","title":"should watch fetchUser"},{"ancestorTitles":["fetchUser()"],"failureMessages":[],"fullName":"fetchUser() should call fetchUserApi","location":null,"status":"passed","title":"should call fetchUserApi"},{"ancestorTitles":["fetchUser()"],"failureMessages":["Error: \u001b[2mexpect(\u001b[22m\u001b[31mreceived\u001b[39m\u001b[2m).toEqual(\u001b[22m\u001b[32mexpected\u001b[39m\u001b[2m)\u001b[22m\n\nExpected value to equal:\n  \u001b[32m{\"@@redux-saga/IO\": true, \"PUT\": {\"action\": {\"data\": {}, \"type\": \"FETCH_USER_SUCCESS\"}, \"channel\": null}}\u001b[39m\nReceived:\n  \u001b[31m{\"@@redux-saga/IO\": true, \"PUT\": {\"action\": {\"data\": undefined, \"type\": \"FETCH_USER_SUCCESS\"}, \"channel\": null}}\u001b[39m\n\nDifference:\n\n\u001b[32m- Expected\u001b[39m\n\u001b[31m+ Received\u001b[39m\n\n\u001b[2m  Object {\u001b[22m\n\u001b[2m    \"@@redux-saga/IO\": true,\u001b[22m\n\u001b[2m    \"PUT\": Object {\u001b[22m\n\u001b[2m      \"action\": Object {\u001b[22m\n\u001b[32m-       \"data\": Object {},\u001b[39m\n\u001b[31m+       \"data\": undefined,\u001b[39m\n\u001b[2m        \"type\": \"FETCH_USER_SUCCESS\",\u001b[22m\n\u001b[2m      },\u001b[22m\n\u001b[2m      \"channel\": null,\u001b[22m\n\u001b[2m    },\u001b[22m\n\u001b[2m  }\u001b[22m\n    at Object.<anonymous> (/Users/hoang.tuan.anh/Desktop/simple-react-boilerplate/app/components/ViewProfile/__test__/saga.spec.js:25:40)\n    at Object.asyncFn (/Users/hoang.tuan.anh/Desktop/simple-react-boilerplate/node_modules/jest-jasmine2/build/jasmine_async.js:108:37)\n    at resolve (/Users/hoang.tuan.anh/Desktop/simple-react-boilerplate/node_modules/jest-jasmine2/build/queue_runner.js:56:12)\n    at new Promise (<anonymous>)\n    at mapper (/Users/hoang.tuan.anh/Desktop/simple-react-boilerplate/node_modules/jest-jasmine2/build/queue_runner.js:43:19)\n    at promise.then (/Users/hoang.tuan.anh/Desktop/simple-react-boilerplate/node_modules/jest-jasmine2/build/queue_runner.js:87:41)\n    at process._tickCallback (internal/process/next_tick.js:68:7)"],"fullName":"fetchUser() should put fetchUserSuccess","location":null,"status":"failed","title":"should put fetchUserSuccess"},{"ancestorTitles":["fetchUser()"],"failureMessages":[],"fullName":"fetchUser() should put fetchUserFail","location":null,"status":"passed","title":"should put fetchUserFail"}],"endTime":1531792187664,"message":"\u001b[1m\u001b[31m  \u001b[1m● \u001b[1mfetchUser() › should put fetchUserSuccess\u001b[39m\u001b[22m\n\n    \u001b[2mexpect(\u001b[22m\u001b[31mreceived\u001b[39m\u001b[2m).toEqual(\u001b[22m\u001b[32mexpected\u001b[39m\u001b[2m)\u001b[22m\n\n    Expected value to equal:\n      \u001b[32m{\"@@redux-saga/IO\": true, \"PUT\": {\"action\": {\"data\": {}, \"type\": \"FETCH_USER_SUCCESS\"}, \"channel\": null}}\u001b[39m\n    Received:\n      \u001b[31m{\"@@redux-saga/IO\": true, \"PUT\": {\"action\": {\"data\": undefined, \"type\": \"FETCH_USER_SUCCESS\"}, \"channel\": null}}\u001b[39m\n\n    Difference:\n\n    \u001b[32m- Expected\u001b[39m\n    \u001b[31m+ Received\u001b[39m\n\n    \u001b[2m  Object {\u001b[22m\n    \u001b[2m    \"@@redux-saga/IO\": true,\u001b[22m\n    \u001b[2m    \"PUT\": Object {\u001b[22m\n    \u001b[2m      \"action\": Object {\u001b[22m\n    \u001b[32m-       \"data\": Object {},\u001b[39m\n    \u001b[31m+       \"data\": undefined,\u001b[39m\n    \u001b[2m        \"type\": \"FETCH_USER_SUCCESS\",\u001b[22m\n    \u001b[2m      },\u001b[22m\n    \u001b[2m      \"channel\": null,\u001b[22m\n    \u001b[2m    },\u001b[22m\n    \u001b[2m  }\u001b[22m\n\u001b[2m\u001b[22m\n\u001b[2m    \u001b[0m \u001b[90m 23 | \u001b[39m    }\u001b[0m\u001b[22m\n\u001b[2m    \u001b[0m \u001b[90m 24 | \u001b[39m    \u001b[36mconst\u001b[39m clone \u001b[33m=\u001b[39m gen\u001b[33m.\u001b[39mclone()\u001b[33m;\u001b[39m\u001b[0m\u001b[22m\n\u001b[2m    \u001b[0m\u001b[31m\u001b[1m>\u001b[2m\u001b[39m\u001b[90m 25 | \u001b[39m    expect(clone\u001b[33m.\u001b[39mnext(response)\u001b[33m.\u001b[39mvalue)\u001b[33m.\u001b[39mtoEqual(put(fetchUserSuccess(response\u001b[33m.\u001b[39mdata)))\u001b[0m\u001b[22m\n\u001b[2m    \u001b[0m \u001b[90m    | \u001b[39m                                       \u001b[31m\u001b[1m^\u001b[2m\u001b[39m\u001b[0m\u001b[22m\n\u001b[2m    \u001b[0m \u001b[90m 26 | \u001b[39m  })\u001b[0m\u001b[22m\n\u001b[2m    \u001b[0m \u001b[90m 27 | \u001b[39m  it(\u001b[32m'should put fetchUserFail'\u001b[39m\u001b[33m,\u001b[39m () \u001b[33m=>\u001b[39m {\u001b[0m\u001b[22m\n\u001b[2m    \u001b[0m \u001b[90m 28 | \u001b[39m    \u001b[36mconst\u001b[39m error \u001b[33m=\u001b[39m \u001b[36mnew\u001b[39m \u001b[33mError\u001b[39m(\u001b[32m'error'\u001b[39m)\u001b[0m\u001b[22m\n\u001b[2m\u001b[22m\n\u001b[2m      \u001b[2mat Object.<anonymous> (\u001b[2m\u001b[0m\u001b[36mapp/components/ViewProfile/__test__/saga.spec.js\u001b[39m\u001b[0m\u001b[2m:25:40)\u001b[2m\u001b[22m\n","name":"/Users/hoang.tuan.anh/Desktop/simple-react-boilerplate/app/components/ViewProfile/__test__/saga.spec.js","startTime":1531792187293,"status":"failed","summary":""},{"assertionResults":[{"ancestorTitles":["recommendations action"],"failureMessages":[],"fullName":"recommendations action should return FETCH_RECOMMENDATIONS type","location":null,"status":"passed","title":"should return FETCH_RECOMMENDATIONS type"},{"ancestorTitles":["recommendations action"],"failureMessages":[],"fullName":"recommendations action should return FETCH_RECOMMENDATIONS_SUCCESS type","location":null,"status":"passed","title":"should return FETCH_RECOMMENDATIONS_SUCCESS type"},{"ancestorTitles":["recommendations action"],"failureMessages":[],"fullName":"recommendations action should return FETCH_RECOMMENDATIONS_SUCCESS type","location":null,"status":"passed","title":"should return FETCH_RECOMMENDATIONS_SUCCESS type"}],"endTime":1531792187832,"message":"","name":"/Users/hoang.tuan.anh/Desktop/simple-react-boilerplate/app/containers/Recommendations/__test__/action.spec.js","startTime":1531792187687,"status":"passed","summary":""},{"assertionResults":[{"ancestorTitles":["userDbReducer"],"failureMessages":[],"fullName":"userDbReducer should return initialState if no type of action is provided","location":null,"status":"passed","title":"should return initialState if no type of action is provided"},{"ancestorTitles":["userDbReducer"],"failureMessages":[],"fullName":"userDbReducer should handle SAVE_USER_DB type","location":null,"status":"passed","title":"should handle SAVE_USER_DB type"},{"ancestorTitles":["userDbReducer"],"failureMessages":[],"fullName":"userDbReducer should handle SAVE_USER_DB_SUCCESS type","location":null,"status":"passed","title":"should handle SAVE_USER_DB_SUCCESS type"},{"ancestorTitles":["userDbReducer"],"failureMessages":[],"fullName":"userDbReducer should handle SAVE_USER_DB_FAIL type","location":null,"status":"passed","title":"should handle SAVE_USER_DB_FAIL type"}],"endTime":1531792188038,"message":"","name":"/Users/hoang.tuan.anh/Desktop/simple-react-boilerplate/app/containers/Login/__test__/reducer.spec.js","startTime":1531792187845,"status":"passed","summary":""},{"assertionResults":[{"ancestorTitles":["<ViewProfile />","componentDidMount()"],"failureMessages":["TypeError: Cannot convert undefined or null to object\n    at keys (<anonymous>)\n    at ViewProfile.render (/Users/hoang.tuan.anh/Desktop/simple-react-boilerplate/app/components/ViewProfile/index.js:38:22)\n    at ReactShallowRenderer._mountClassComponent (/Users/hoang.tuan.anh/Desktop/simple-react-boilerplate/node_modules/react-test-renderer/cjs/react-test-renderer-shallow.development.js:195:37)\n    at ReactShallowRenderer.render (/Users/hoang.tuan.anh/Desktop/simple-react-boilerplate/node_modules/react-test-renderer/cjs/react-test-renderer-shallow.development.js:143:14)\n    at /Users/hoang.tuan.anh/Desktop/simple-react-boilerplate/node_modules/enzyme-adapter-react-16/build/ReactSixteenAdapter.js:287:35\n    at withSetStateAllowed (/Users/hoang.tuan.anh/Desktop/simple-react-boilerplate/node_modules/enzyme-adapter-utils/build/Utils.js:94:16)\n    at Object.render (/Users/hoang.tuan.anh/Desktop/simple-react-boilerplate/node_modules/enzyme-adapter-react-16/build/ReactSixteenAdapter.js:286:68)\n    at new ShallowWrapper (/Users/hoang.tuan.anh/Desktop/simple-react-boilerplate/node_modules/enzyme/build/ShallowWrapper.js:119:22)\n    at shallow (/Users/hoang.tuan.anh/Desktop/simple-react-boilerplate/node_modules/enzyme/build/shallow.js:19:10)\n    at setUpComponent (/Users/hoang.tuan.anh/Desktop/simple-react-boilerplate/app/components/ViewProfile/__test__/viewProfile.spec.js:26:17)\n    at Object.<anonymous> (/Users/hoang.tuan.anh/Desktop/simple-react-boilerplate/app/components/ViewProfile/__test__/viewProfile.spec.js:31:5)\n    at Object.asyncFn (/Users/hoang.tuan.anh/Desktop/simple-react-boilerplate/node_modules/jest-jasmine2/build/jasmine_async.js:63:37)\n    at resolve (/Users/hoang.tuan.anh/Desktop/simple-react-boilerplate/node_modules/jest-jasmine2/build/queue_runner.js:56:12)\n    at new Promise (<anonymous>)\n    at mapper (/Users/hoang.tuan.anh/Desktop/simple-react-boilerplate/node_modules/jest-jasmine2/build/queue_runner.js:43:19)\n    at promise.then (/Users/hoang.tuan.anh/Desktop/simple-react-boilerplate/node_modules/jest-jasmine2/build/queue_runner.js:87:41)\n    at process._tickCallback (internal/process/next_tick.js:68:7)","TypeError: Cannot read property 'componentDidMount' of undefined\n    at Object.<anonymous> (/Users/hoang.tuan.anh/Desktop/simple-react-boilerplate/app/components/ViewProfile/__test__/viewProfile.spec.js:36:16)\n    at Object.asyncFn (/Users/hoang.tuan.anh/Desktop/simple-react-boilerplate/node_modules/jest-jasmine2/build/jasmine_async.js:108:37)\n    at resolve (/Users/hoang.tuan.anh/Desktop/simple-react-boilerplate/node_modules/jest-jasmine2/build/queue_runner.js:56:12)\n    at new Promise (<anonymous>)\n    at mapper (/Users/hoang.tuan.anh/Desktop/simple-react-boilerplate/node_modules/jest-jasmine2/build/queue_runner.js:43:19)\n    at promise.then (/Users/hoang.tuan.anh/Desktop/simple-react-boilerplate/node_modules/jest-jasmine2/build/queue_runner.js:87:41)\n    at process._tickCallback (internal/process/next_tick.js:68:7)"],"fullName":"<ViewProfile /> componentDidMount() should call fetchUser","location":null,"status":"failed","title":"should call fetchUser"},{"ancestorTitles":["<ViewProfile />","componentDidUpdate"],"failureMessages":["TypeError: Cannot convert undefined or null to object\n    at keys (<anonymous>)\n    at ViewProfile.render (/Users/hoang.tuan.anh/Desktop/simple-react-boilerplate/app/components/ViewProfile/index.js:38:22)\n    at ReactShallowRenderer._mountClassComponent (/Users/hoang.tuan.anh/Desktop/simple-react-boilerplate/node_modules/react-test-renderer/cjs/react-test-renderer-shallow.development.js:195:37)\n    at ReactShallowRenderer.render (/Users/hoang.tuan.anh/Desktop/simple-react-boilerplate/node_modules/react-test-renderer/cjs/react-test-renderer-shallow.development.js:143:14)\n    at /Users/hoang.tuan.anh/Desktop/simple-react-boilerplate/node_modules/enzyme-adapter-react-16/build/ReactSixteenAdapter.js:287:35\n    at withSetStateAllowed (/Users/hoang.tuan.anh/Desktop/simple-react-boilerplate/node_modules/enzyme-adapter-utils/build/Utils.js:94:16)\n    at Object.render (/Users/hoang.tuan.anh/Desktop/simple-react-boilerplate/node_modules/enzyme-adapter-react-16/build/ReactSixteenAdapter.js:286:68)\n    at new ShallowWrapper (/Users/hoang.tuan.anh/Desktop/simple-react-boilerplate/node_modules/enzyme/build/ShallowWrapper.js:119:22)\n    at shallow (/Users/hoang.tuan.anh/Desktop/simple-react-boilerplate/node_modules/enzyme/build/shallow.js:19:10)\n    at setUpComponent (/Users/hoang.tuan.anh/Desktop/simple-react-boilerplate/app/components/ViewProfile/__test__/viewProfile.spec.js:26:17)\n    at Object.<anonymous> (/Users/hoang.tuan.anh/Desktop/simple-react-boilerplate/app/components/ViewProfile/__test__/viewProfile.spec.js:31:5)\n    at Object.asyncFn (/Users/hoang.tuan.anh/Desktop/simple-react-boilerplate/node_modules/jest-jasmine2/build/jasmine_async.js:63:37)\n    at resolve (/Users/hoang.tuan.anh/Desktop/simple-react-boilerplate/node_modules/jest-jasmine2/build/queue_runner.js:56:12)\n    at new Promise (<anonymous>)\n    at mapper (/Users/hoang.tuan.anh/Desktop/simple-react-boilerplate/node_modules/jest-jasmine2/build/queue_runner.js:43:19)\n    at promise.then (/Users/hoang.tuan.anh/Desktop/simple-react-boilerplate/node_modules/jest-jasmine2/build/queue_runner.js:87:41)\n    at process._tickCallback (internal/process/next_tick.js:68:7)","TypeError: Cannot convert undefined or null to object\n    at keys (<anonymous>)\n    at ViewProfile.render (/Users/hoang.tuan.anh/Desktop/simple-react-boilerplate/app/components/ViewProfile/index.js:38:22)\n    at ReactShallowRenderer._mountClassComponent (/Users/hoang.tuan.anh/Desktop/simple-react-boilerplate/node_modules/react-test-renderer/cjs/react-test-renderer-shallow.development.js:195:37)\n    at ReactShallowRenderer.render (/Users/hoang.tuan.anh/Desktop/simple-react-boilerplate/node_modules/react-test-renderer/cjs/react-test-renderer-shallow.development.js:143:14)\n    at /Users/hoang.tuan.anh/Desktop/simple-react-boilerplate/node_modules/enzyme-adapter-react-16/build/ReactSixteenAdapter.js:287:35\n    at withSetStateAllowed (/Users/hoang.tuan.anh/Desktop/simple-react-boilerplate/node_modules/enzyme-adapter-utils/build/Utils.js:94:16)\n    at Object.render (/Users/hoang.tuan.anh/Desktop/simple-react-boilerplate/node_modules/enzyme-adapter-react-16/build/ReactSixteenAdapter.js:286:68)\n    at new ShallowWrapper (/Users/hoang.tuan.anh/Desktop/simple-react-boilerplate/node_modules/enzyme/build/ShallowWrapper.js:119:22)\n    at shallow (/Users/hoang.tuan.anh/Desktop/simple-react-boilerplate/node_modules/enzyme/build/shallow.js:19:10)\n    at setUpComponent (/Users/hoang.tuan.anh/Desktop/simple-react-boilerplate/app/components/ViewProfile/__test__/viewProfile.spec.js:26:17)\n    at Object.<anonymous> (/Users/hoang.tuan.anh/Desktop/simple-react-boilerplate/app/components/ViewProfile/__test__/viewProfile.spec.js:43:7)\n    at Object.asyncFn (/Users/hoang.tuan.anh/Desktop/simple-react-boilerplate/node_modules/jest-jasmine2/build/jasmine_async.js:108:37)\n    at resolve (/Users/hoang.tuan.anh/Desktop/simple-react-boilerplate/node_modules/jest-jasmine2/build/queue_runner.js:56:12)\n    at new Promise (<anonymous>)\n    at mapper (/Users/hoang.tuan.anh/Desktop/simple-react-boilerplate/node_modules/jest-jasmine2/build/queue_runner.js:43:19)\n    at promise.then (/Users/hoang.tuan.anh/Desktop/simple-react-boilerplate/node_modules/jest-jasmine2/build/queue_runner.js:87:41)\n    at process._tickCallback (internal/process/next_tick.js:68:7)"],"fullName":"<ViewProfile /> componentDidUpdate should call userDbReducer","location":null,"status":"failed","title":"should call userDbReducer"},{"ancestorTitles":["<ViewProfile />","componentDidUpdate"],"failureMessages":["TypeError: Cannot convert undefined or null to object\n    at keys (<anonymous>)\n    at ViewProfile.render (/Users/hoang.tuan.anh/Desktop/simple-react-boilerplate/app/components/ViewProfile/index.js:38:22)\n    at ReactShallowRenderer._mountClassComponent (/Users/hoang.tuan.anh/Desktop/simple-react-boilerplate/node_modules/react-test-renderer/cjs/react-test-renderer-shallow.development.js:195:37)\n    at ReactShallowRenderer.render (/Users/hoang.tuan.anh/Desktop/simple-react-boilerplate/node_modules/react-test-renderer/cjs/react-test-renderer-shallow.development.js:143:14)\n    at /Users/hoang.tuan.anh/Desktop/simple-react-boilerplate/node_modules/enzyme-adapter-react-16/build/ReactSixteenAdapter.js:287:35\n    at withSetStateAllowed (/Users/hoang.tuan.anh/Desktop/simple-react-boilerplate/node_modules/enzyme-adapter-utils/build/Utils.js:94:16)\n    at Object.render (/Users/hoang.tuan.anh/Desktop/simple-react-boilerplate/node_modules/enzyme-adapter-react-16/build/ReactSixteenAdapter.js:286:68)\n    at new ShallowWrapper (/Users/hoang.tuan.anh/Desktop/simple-react-boilerplate/node_modules/enzyme/build/ShallowWrapper.js:119:22)\n    at shallow (/Users/hoang.tuan.anh/Desktop/simple-react-boilerplate/node_modules/enzyme/build/shallow.js:19:10)\n    at setUpComponent (/Users/hoang.tuan.anh/Desktop/simple-react-boilerplate/app/components/ViewProfile/__test__/viewProfile.spec.js:26:17)\n    at Object.<anonymous> (/Users/hoang.tuan.anh/Desktop/simple-react-boilerplate/app/components/ViewProfile/__test__/viewProfile.spec.js:31:5)\n    at Object.asyncFn (/Users/hoang.tuan.anh/Desktop/simple-react-boilerplate/node_modules/jest-jasmine2/build/jasmine_async.js:63:37)\n    at resolve (/Users/hoang.tuan.anh/Desktop/simple-react-boilerplate/node_modules/jest-jasmine2/build/queue_runner.js:56:12)\n    at new Promise (<anonymous>)\n    at mapper (/Users/hoang.tuan.anh/Desktop/simple-react-boilerplate/node_modules/jest-jasmine2/build/queue_runner.js:43:19)\n    at promise.then (/Users/hoang.tuan.anh/Desktop/simple-react-boilerplate/node_modules/jest-jasmine2/build/queue_runner.js:87:41)\n    at process._tickCallback (internal/process/next_tick.js:68:7)","TypeError: Cannot convert undefined or null to object\n    at keys (<anonymous>)\n    at ViewProfile.render (/Users/hoang.tuan.anh/Desktop/simple-react-boilerplate/app/components/ViewProfile/index.js:38:22)\n    at ReactShallowRenderer._mountClassComponent (/Users/hoang.tuan.anh/Desktop/simple-react-boilerplate/node_modules/react-test-renderer/cjs/react-test-renderer-shallow.development.js:195:37)\n    at ReactShallowRenderer.render (/Users/hoang.tuan.anh/Desktop/simple-react-boilerplate/node_modules/react-test-renderer/cjs/react-test-renderer-shallow.development.js:143:14)\n    at /Users/hoang.tuan.anh/Desktop/simple-react-boilerplate/node_modules/enzyme-adapter-react-16/build/ReactSixteenAdapter.js:287:35\n    at withSetStateAllowed (/Users/hoang.tuan.anh/Desktop/simple-react-boilerplate/node_modules/enzyme-adapter-utils/build/Utils.js:94:16)\n    at Object.render (/Users/hoang.tuan.anh/Desktop/simple-react-boilerplate/node_modules/enzyme-adapter-react-16/build/ReactSixteenAdapter.js:286:68)\n    at new ShallowWrapper (/Users/hoang.tuan.anh/Desktop/simple-react-boilerplate/node_modules/enzyme/build/ShallowWrapper.js:119:22)\n    at shallow (/Users/hoang.tuan.anh/Desktop/simple-react-boilerplate/node_modules/enzyme/build/shallow.js:19:10)\n    at setUpComponent (/Users/hoang.tuan.anh/Desktop/simple-react-boilerplate/app/components/ViewProfile/__test__/viewProfile.spec.js:26:17)\n    at Object.<anonymous> (/Users/hoang.tuan.anh/Desktop/simple-react-boilerplate/app/components/ViewProfile/__test__/viewProfile.spec.js:53:7)\n    at Object.asyncFn (/Users/hoang.tuan.anh/Desktop/simple-react-boilerplate/node_modules/jest-jasmine2/build/jasmine_async.js:108:37)\n    at resolve (/Users/hoang.tuan.anh/Desktop/simple-react-boilerplate/node_modules/jest-jasmine2/build/queue_runner.js:56:12)\n    at new Promise (<anonymous>)\n    at mapper (/Users/hoang.tuan.anh/Desktop/simple-react-boilerplate/node_modules/jest-jasmine2/build/queue_runner.js:43:19)\n    at promise.then (/Users/hoang.tuan.anh/Desktop/simple-react-boilerplate/node_modules/jest-jasmine2/build/queue_runner.js:87:41)\n    at process._tickCallback (internal/process/next_tick.js:68:7)"],"fullName":"<ViewProfile /> componentDidUpdate should not call userDbReducer","location":null,"status":"failed","title":"should not call userDbReducer"},{"ancestorTitles":["<ViewProfile />","mapStateToProps"],"failureMessages":["TypeError: Cannot convert undefined or null to object\n    at keys (<anonymous>)\n    at ViewProfile.render (/Users/hoang.tuan.anh/Desktop/simple-react-boilerplate/app/components/ViewProfile/index.js:38:22)\n    at ReactShallowRenderer._mountClassComponent (/Users/hoang.tuan.anh/Desktop/simple-react-boilerplate/node_modules/react-test-renderer/cjs/react-test-renderer-shallow.development.js:195:37)\n    at ReactShallowRenderer.render (/Users/hoang.tuan.anh/Desktop/simple-react-boilerplate/node_modules/react-test-renderer/cjs/react-test-renderer-shallow.development.js:143:14)\n    at /Users/hoang.tuan.anh/Desktop/simple-react-boilerplate/node_modules/enzyme-adapter-react-16/build/ReactSixteenAdapter.js:287:35\n    at withSetStateAllowed (/Users/hoang.tuan.anh/Desktop/simple-react-boilerplate/node_modules/enzyme-adapter-utils/build/Utils.js:94:16)\n    at Object.render (/Users/hoang.tuan.anh/Desktop/simple-react-boilerplate/node_modules/enzyme-adapter-react-16/build/ReactSixteenAdapter.js:286:68)\n    at new ShallowWrapper (/Users/hoang.tuan.anh/Desktop/simple-react-boilerplate/node_modules/enzyme/build/ShallowWrapper.js:119:22)\n    at shallow (/Users/hoang.tuan.anh/Desktop/simple-react-boilerplate/node_modules/enzyme/build/shallow.js:19:10)\n    at setUpComponent (/Users/hoang.tuan.anh/Desktop/simple-react-boilerplate/app/components/ViewProfile/__test__/viewProfile.spec.js:26:17)\n    at Object.<anonymous> (/Users/hoang.tuan.anh/Desktop/simple-react-boilerplate/app/components/ViewProfile/__test__/viewProfile.spec.js:31:5)\n    at Object.asyncFn (/Users/hoang.tuan.anh/Desktop/simple-react-boilerplate/node_modules/jest-jasmine2/build/jasmine_async.js:63:37)\n    at resolve (/Users/hoang.tuan.anh/Desktop/simple-react-boilerplate/node_modules/jest-jasmine2/build/queue_runner.js:56:12)\n    at new Promise (<anonymous>)\n    at mapper (/Users/hoang.tuan.anh/Desktop/simple-react-boilerplate/node_modules/jest-jasmine2/build/queue_runner.js:43:19)\n    at promise.then (/Users/hoang.tuan.anh/Desktop/simple-react-boilerplate/node_modules/jest-jasmine2/build/queue_runner.js:87:41)\n    at process._tickCallback (internal/process/next_tick.js:68:7)","Error: \u001b[2mexpect(\u001b[22m\u001b[31mreceived\u001b[39m\u001b[2m).toEqual(\u001b[22m\u001b[32mexpected\u001b[39m\u001b[2m)\u001b[22m\n\nExpected value to equal:\n  \u001b[32m{\"getUserReducer\": {}, \"userInfo\": {}}\u001b[39m\nReceived:\n  \u001b[31m{\"fetchReducer\": undefined, \"userInfo\": undefined}\u001b[39m\n\nDifference:\n\n\u001b[32m- Expected\u001b[39m\n\u001b[31m+ Received\u001b[39m\n\n\u001b[2m  Object {\u001b[22m\n\u001b[32m-   \"getUserReducer\": Object {},\u001b[39m\n\u001b[32m-   \"userInfo\": Object {},\u001b[39m\n\u001b[31m+   \"fetchReducer\": undefined,\u001b[39m\n\u001b[31m+   \"userInfo\": undefined,\u001b[39m\n\u001b[2m  }\u001b[22m\n    at Object.<anonymous> (/Users/hoang.tuan.anh/Desktop/simple-react-boilerplate/app/components/ViewProfile/__test__/viewProfile.spec.js:73:38)\n    at Object.asyncFn (/Users/hoang.tuan.anh/Desktop/simple-react-boilerplate/node_modules/jest-jasmine2/build/jasmine_async.js:108:37)\n    at resolve (/Users/hoang.tuan.anh/Desktop/simple-react-boilerplate/node_modules/jest-jasmine2/build/queue_runner.js:56:12)\n    at new Promise (<anonymous>)\n    at mapper (/Users/hoang.tuan.anh/Desktop/simple-react-boilerplate/node_modules/jest-jasmine2/build/queue_runner.js:43:19)\n    at promise.then (/Users/hoang.tuan.anh/Desktop/simple-react-boilerplate/node_modules/jest-jasmine2/build/queue_runner.js:87:41)\n    at process._tickCallback (internal/process/next_tick.js:68:7)"],"fullName":"<ViewProfile /> mapStateToProps should return an object","location":null,"status":"failed","title":"should return an object"}],"endTime":1531792188571,"message":"\u001b[1m\u001b[31m  \u001b[1m● \u001b[1m<ViewProfile /> › componentDidMount() › should call fetchUser\u001b[39m\u001b[22m\n\n    TypeError: Cannot convert undefined or null to object\n        at keys (<anonymous>)\n\u001b[2m\u001b[22m\n\u001b[2m    \u001b[0m \u001b[90m 36 | \u001b[39m\u001b[0m\u001b[22m\n\u001b[2m    \u001b[0m \u001b[90m 37 | \u001b[39m  render() {\u001b[0m\u001b[22m\n\u001b[2m    \u001b[0m\u001b[31m\u001b[1m>\u001b[2m\u001b[39m\u001b[90m 38 | \u001b[39m    \u001b[36mconst\u001b[39m userInfo \u001b[33m=\u001b[39m \u001b[33mObject\u001b[39m\u001b[33m.\u001b[39mkeys(\u001b[36mthis\u001b[39m\u001b[33m.\u001b[39mprops\u001b[33m.\u001b[39muserInfo\u001b[33m.\u001b[39muser)\u001b[33m.\u001b[39mlength\u001b[0m\u001b[22m\n\u001b[2m    \u001b[0m \u001b[90m    | \u001b[39m                     \u001b[31m\u001b[1m^\u001b[2m\u001b[39m\u001b[0m\u001b[22m\n\u001b[2m    \u001b[0m \u001b[90m 39 | \u001b[39m\u001b[0m\u001b[22m\n\u001b[2m    \u001b[0m \u001b[90m 40 | \u001b[39m    \u001b[36mconst\u001b[39m { name\u001b[33m,\u001b[39m email\u001b[33m,\u001b[39m picture } \u001b[33m=\u001b[39m \u001b[36mthis\u001b[39m\u001b[33m.\u001b[39mprops[userInfo \u001b[33m?\u001b[39m \u001b[32m'userInfo'\u001b[39m \u001b[33m:\u001b[39m \u001b[32m'fetchReducer'\u001b[39m]\u001b[33m.\u001b[39muser\u001b[0m\u001b[22m\n\u001b[2m    \u001b[0m \u001b[90m 41 | \u001b[39m\u001b[0m\u001b[22m\n\u001b[2m\u001b[22m\n\u001b[2m      \u001b[2mat ViewProfile.render (\u001b[2m\u001b[0m\u001b[36mapp/components/ViewProfile/index.js\u001b[39m\u001b[0m\u001b[2m:38:22)\u001b[2m\u001b[22m\n\u001b[2m      \u001b[2mat ReactShallowRenderer._mountClassComponent (\u001b[2m\u001b[0m\u001b[36mnode_modules/react-test-renderer/cjs/react-test-renderer-shallow.development.js\u001b[39m\u001b[0m\u001b[2m:195:37)\u001b[2m\u001b[22m\n\u001b[2m      \u001b[2mat ReactShallowRenderer.render (\u001b[2m\u001b[0m\u001b[36mnode_modules/react-test-renderer/cjs/react-test-renderer-shallow.development.js\u001b[39m\u001b[0m\u001b[2m:143:14)\u001b[2m\u001b[22m\n\u001b[2m      \u001b[2mat \u001b[2m\u001b[0m\u001b[36mnode_modules/enzyme-adapter-react-16/build/ReactSixteenAdapter.js\u001b[39m\u001b[0m\u001b[2m:287:35\u001b[2m\u001b[22m\n\u001b[2m      \u001b[2mat withSetStateAllowed (\u001b[2m\u001b[0m\u001b[36mnode_modules/enzyme-adapter-utils/build/Utils.js\u001b[39m\u001b[0m\u001b[2m:94:16)\u001b[2m\u001b[22m\n\u001b[2m      \u001b[2mat Object.render (\u001b[2m\u001b[0m\u001b[36mnode_modules/enzyme-adapter-react-16/build/ReactSixteenAdapter.js\u001b[39m\u001b[0m\u001b[2m:286:68)\u001b[2m\u001b[22m\n\u001b[2m      \u001b[2mat new ShallowWrapper (\u001b[2m\u001b[0m\u001b[36mnode_modules/enzyme/build/ShallowWrapper.js\u001b[39m\u001b[0m\u001b[2m:119:22)\u001b[2m\u001b[22m\n\u001b[2m      \u001b[2mat shallow (\u001b[2m\u001b[0m\u001b[36mnode_modules/enzyme/build/shallow.js\u001b[39m\u001b[0m\u001b[2m:19:10)\u001b[2m\u001b[22m\n\u001b[2m      \u001b[2mat setUpComponent (\u001b[2m\u001b[0m\u001b[36mapp/components/ViewProfile/__test__/viewProfile.spec.js\u001b[39m\u001b[0m\u001b[2m:26:17)\u001b[2m\u001b[22m\n\u001b[2m      \u001b[2mat Object.<anonymous> (\u001b[2m\u001b[0m\u001b[36mapp/components/ViewProfile/__test__/viewProfile.spec.js\u001b[39m\u001b[0m\u001b[2m:31:5)\u001b[2m\u001b[22m\n\n\u001b[1m\u001b[31m  \u001b[1m● \u001b[1m<ViewProfile /> › componentDidMount() › should call fetchUser\u001b[39m\u001b[22m\n\n    TypeError: Cannot read property 'componentDidMount' of undefined\n\u001b[2m\u001b[22m\n\u001b[2m    \u001b[0m \u001b[90m 34 | \u001b[39m  describe(\u001b[32m'componentDidMount()'\u001b[39m\u001b[33m,\u001b[39m () \u001b[33m=>\u001b[39m {\u001b[0m\u001b[22m\n\u001b[2m    \u001b[0m \u001b[90m 35 | \u001b[39m    it(\u001b[32m'should call fetchUser'\u001b[39m\u001b[33m,\u001b[39m () \u001b[33m=>\u001b[39m {\u001b[0m\u001b[22m\n\u001b[2m    \u001b[0m\u001b[31m\u001b[1m>\u001b[2m\u001b[39m\u001b[90m 36 | \u001b[39m      instance\u001b[33m.\u001b[39mcomponentDidMount()\u001b[33m;\u001b[39m\u001b[0m\u001b[22m\n\u001b[2m    \u001b[0m \u001b[90m    | \u001b[39m               \u001b[31m\u001b[1m^\u001b[2m\u001b[39m\u001b[0m\u001b[22m\n\u001b[2m    \u001b[0m \u001b[90m 37 | \u001b[39m      expect(instance\u001b[33m.\u001b[39mprops\u001b[33m.\u001b[39mfetchUser)\u001b[33m.\u001b[39mtoHaveBeenCalled()\u001b[33m;\u001b[39m\u001b[0m\u001b[22m\n\u001b[2m    \u001b[0m \u001b[90m 38 | \u001b[39m    })\u001b[0m\u001b[22m\n\u001b[2m    \u001b[0m \u001b[90m 39 | \u001b[39m  })\u001b[0m\u001b[22m\n\u001b[2m\u001b[22m\n\u001b[2m      \u001b[2mat Object.<anonymous> (\u001b[2m\u001b[0m\u001b[36mapp/components/ViewProfile/__test__/viewProfile.spec.js\u001b[39m\u001b[0m\u001b[2m:36:16)\u001b[2m\u001b[22m\n\n\u001b[1m\u001b[31m  \u001b[1m● \u001b[1m<ViewProfile /> › componentDidUpdate › should call userDbReducer\u001b[39m\u001b[22m\n\n    TypeError: Cannot convert undefined or null to object\n        at keys (<anonymous>)\n\u001b[2m\u001b[22m\n\u001b[2m    \u001b[0m \u001b[90m 36 | \u001b[39m\u001b[0m\u001b[22m\n\u001b[2m    \u001b[0m \u001b[90m 37 | \u001b[39m  render() {\u001b[0m\u001b[22m\n\u001b[2m    \u001b[0m\u001b[31m\u001b[1m>\u001b[2m\u001b[39m\u001b[90m 38 | \u001b[39m    \u001b[36mconst\u001b[39m userInfo \u001b[33m=\u001b[39m \u001b[33mObject\u001b[39m\u001b[33m.\u001b[39mkeys(\u001b[36mthis\u001b[39m\u001b[33m.\u001b[39mprops\u001b[33m.\u001b[39muserInfo\u001b[33m.\u001b[39muser)\u001b[33m.\u001b[39mlength\u001b[0m\u001b[22m\n\u001b[2m    \u001b[0m \u001b[90m    | \u001b[39m                     \u001b[31m\u001b[1m^\u001b[2m\u001b[39m\u001b[0m\u001b[22m\n\u001b[2m    \u001b[0m \u001b[90m 39 | \u001b[39m\u001b[0m\u001b[22m\n\u001b[2m    \u001b[0m \u001b[90m 40 | \u001b[39m    \u001b[36mconst\u001b[39m { name\u001b[33m,\u001b[39m email\u001b[33m,\u001b[39m picture } \u001b[33m=\u001b[39m \u001b[36mthis\u001b[39m\u001b[33m.\u001b[39mprops[userInfo \u001b[33m?\u001b[39m \u001b[32m'userInfo'\u001b[39m \u001b[33m:\u001b[39m \u001b[32m'fetchReducer'\u001b[39m]\u001b[33m.\u001b[39muser\u001b[0m\u001b[22m\n\u001b[2m    \u001b[0m \u001b[90m 41 | \u001b[39m\u001b[0m\u001b[22m\n\u001b[2m\u001b[22m\n\u001b[2m      \u001b[2mat ViewProfile.render (\u001b[2m\u001b[0m\u001b[36mapp/components/ViewProfile/index.js\u001b[39m\u001b[0m\u001b[2m:38:22)\u001b[2m\u001b[22m\n\u001b[2m      \u001b[2mat ReactShallowRenderer._mountClassComponent (\u001b[2m\u001b[0m\u001b[36mnode_modules/react-test-renderer/cjs/react-test-renderer-shallow.development.js\u001b[39m\u001b[0m\u001b[2m:195:37)\u001b[2m\u001b[22m\n\u001b[2m      \u001b[2mat ReactShallowRenderer.render (\u001b[2m\u001b[0m\u001b[36mnode_modules/react-test-renderer/cjs/react-test-renderer-shallow.development.js\u001b[39m\u001b[0m\u001b[2m:143:14)\u001b[2m\u001b[22m\n\u001b[2m      \u001b[2mat \u001b[2m\u001b[0m\u001b[36mnode_modules/enzyme-adapter-react-16/build/ReactSixteenAdapter.js\u001b[39m\u001b[0m\u001b[2m:287:35\u001b[2m\u001b[22m\n\u001b[2m      \u001b[2mat withSetStateAllowed (\u001b[2m\u001b[0m\u001b[36mnode_modules/enzyme-adapter-utils/build/Utils.js\u001b[39m\u001b[0m\u001b[2m:94:16)\u001b[2m\u001b[22m\n\u001b[2m      \u001b[2mat Object.render (\u001b[2m\u001b[0m\u001b[36mnode_modules/enzyme-adapter-react-16/build/ReactSixteenAdapter.js\u001b[39m\u001b[0m\u001b[2m:286:68)\u001b[2m\u001b[22m\n\u001b[2m      \u001b[2mat new ShallowWrapper (\u001b[2m\u001b[0m\u001b[36mnode_modules/enzyme/build/ShallowWrapper.js\u001b[39m\u001b[0m\u001b[2m:119:22)\u001b[2m\u001b[22m\n\u001b[2m      \u001b[2mat shallow (\u001b[2m\u001b[0m\u001b[36mnode_modules/enzyme/build/shallow.js\u001b[39m\u001b[0m\u001b[2m:19:10)\u001b[2m\u001b[22m\n\u001b[2m      \u001b[2mat setUpComponent (\u001b[2m\u001b[0m\u001b[36mapp/components/ViewProfile/__test__/viewProfile.spec.js\u001b[39m\u001b[0m\u001b[2m:26:17)\u001b[2m\u001b[22m\n\u001b[2m      \u001b[2mat Object.<anonymous> (\u001b[2m\u001b[0m\u001b[36mapp/components/ViewProfile/__test__/viewProfile.spec.js\u001b[39m\u001b[0m\u001b[2m:31:5)\u001b[2m\u001b[22m\n\n\u001b[1m\u001b[31m  \u001b[1m● \u001b[1m<ViewProfile /> › componentDidUpdate › should call userDbReducer\u001b[39m\u001b[22m\n\n    TypeError: Cannot convert undefined or null to object\n        at keys (<anonymous>)\n\u001b[2m\u001b[22m\n\u001b[2m    \u001b[0m \u001b[90m 36 | \u001b[39m\u001b[0m\u001b[22m\n\u001b[2m    \u001b[0m \u001b[90m 37 | \u001b[39m  render() {\u001b[0m\u001b[22m\n\u001b[2m    \u001b[0m\u001b[31m\u001b[1m>\u001b[2m\u001b[39m\u001b[90m 38 | \u001b[39m    \u001b[36mconst\u001b[39m userInfo \u001b[33m=\u001b[39m \u001b[33mObject\u001b[39m\u001b[33m.\u001b[39mkeys(\u001b[36mthis\u001b[39m\u001b[33m.\u001b[39mprops\u001b[33m.\u001b[39muserInfo\u001b[33m.\u001b[39muser)\u001b[33m.\u001b[39mlength\u001b[0m\u001b[22m\n\u001b[2m    \u001b[0m \u001b[90m    | \u001b[39m                     \u001b[31m\u001b[1m^\u001b[2m\u001b[39m\u001b[0m\u001b[22m\n\u001b[2m    \u001b[0m \u001b[90m 39 | \u001b[39m\u001b[0m\u001b[22m\n\u001b[2m    \u001b[0m \u001b[90m 40 | \u001b[39m    \u001b[36mconst\u001b[39m { name\u001b[33m,\u001b[39m email\u001b[33m,\u001b[39m picture } \u001b[33m=\u001b[39m \u001b[36mthis\u001b[39m\u001b[33m.\u001b[39mprops[userInfo \u001b[33m?\u001b[39m \u001b[32m'userInfo'\u001b[39m \u001b[33m:\u001b[39m \u001b[32m'fetchReducer'\u001b[39m]\u001b[33m.\u001b[39muser\u001b[0m\u001b[22m\n\u001b[2m    \u001b[0m \u001b[90m 41 | \u001b[39m\u001b[0m\u001b[22m\n\u001b[2m\u001b[22m\n\u001b[2m      \u001b[2mat ViewProfile.render (\u001b[2m\u001b[0m\u001b[36mapp/components/ViewProfile/index.js\u001b[39m\u001b[0m\u001b[2m:38:22)\u001b[2m\u001b[22m\n\u001b[2m      \u001b[2mat ReactShallowRenderer._mountClassComponent (\u001b[2m\u001b[0m\u001b[36mnode_modules/react-test-renderer/cjs/react-test-renderer-shallow.development.js\u001b[39m\u001b[0m\u001b[2m:195:37)\u001b[2m\u001b[22m\n\u001b[2m      \u001b[2mat ReactShallowRenderer.render (\u001b[2m\u001b[0m\u001b[36mnode_modules/react-test-renderer/cjs/react-test-renderer-shallow.development.js\u001b[39m\u001b[0m\u001b[2m:143:14)\u001b[2m\u001b[22m\n\u001b[2m      \u001b[2mat \u001b[2m\u001b[0m\u001b[36mnode_modules/enzyme-adapter-react-16/build/ReactSixteenAdapter.js\u001b[39m\u001b[0m\u001b[2m:287:35\u001b[2m\u001b[22m\n\u001b[2m      \u001b[2mat withSetStateAllowed (\u001b[2m\u001b[0m\u001b[36mnode_modules/enzyme-adapter-utils/build/Utils.js\u001b[39m\u001b[0m\u001b[2m:94:16)\u001b[2m\u001b[22m\n\u001b[2m      \u001b[2mat Object.render (\u001b[2m\u001b[0m\u001b[36mnode_modules/enzyme-adapter-react-16/build/ReactSixteenAdapter.js\u001b[39m\u001b[0m\u001b[2m:286:68)\u001b[2m\u001b[22m\n\u001b[2m      \u001b[2mat new ShallowWrapper (\u001b[2m\u001b[0m\u001b[36mnode_modules/enzyme/build/ShallowWrapper.js\u001b[39m\u001b[0m\u001b[2m:119:22)\u001b[2m\u001b[22m\n\u001b[2m      \u001b[2mat shallow (\u001b[2m\u001b[0m\u001b[36mnode_modules/enzyme/build/shallow.js\u001b[39m\u001b[0m\u001b[2m:19:10)\u001b[2m\u001b[22m\n\u001b[2m      \u001b[2mat setUpComponent (\u001b[2m\u001b[0m\u001b[36mapp/components/ViewProfile/__test__/viewProfile.spec.js\u001b[39m\u001b[0m\u001b[2m:26:17)\u001b[2m\u001b[22m\n\u001b[2m      \u001b[2mat Object.<anonymous> (\u001b[2m\u001b[0m\u001b[36mapp/components/ViewProfile/__test__/viewProfile.spec.js\u001b[39m\u001b[0m\u001b[2m:43:7)\u001b[2m\u001b[22m\n\n\u001b[1m\u001b[31m  \u001b[1m● \u001b[1m<ViewProfile /> › componentDidUpdate › should not call userDbReducer\u001b[39m\u001b[22m\n\n    TypeError: Cannot convert undefined or null to object\n        at keys (<anonymous>)\n\u001b[2m\u001b[22m\n\u001b[2m    \u001b[0m \u001b[90m 36 | \u001b[39m\u001b[0m\u001b[22m\n\u001b[2m    \u001b[0m \u001b[90m 37 | \u001b[39m  render() {\u001b[0m\u001b[22m\n\u001b[2m    \u001b[0m\u001b[31m\u001b[1m>\u001b[2m\u001b[39m\u001b[90m 38 | \u001b[39m    \u001b[36mconst\u001b[39m userInfo \u001b[33m=\u001b[39m \u001b[33mObject\u001b[39m\u001b[33m.\u001b[39mkeys(\u001b[36mthis\u001b[39m\u001b[33m.\u001b[39mprops\u001b[33m.\u001b[39muserInfo\u001b[33m.\u001b[39muser)\u001b[33m.\u001b[39mlength\u001b[0m\u001b[22m\n\u001b[2m    \u001b[0m \u001b[90m    | \u001b[39m                     \u001b[31m\u001b[1m^\u001b[2m\u001b[39m\u001b[0m\u001b[22m\n\u001b[2m    \u001b[0m \u001b[90m 39 | \u001b[39m\u001b[0m\u001b[22m\n\u001b[2m    \u001b[0m \u001b[90m 40 | \u001b[39m    \u001b[36mconst\u001b[39m { name\u001b[33m,\u001b[39m email\u001b[33m,\u001b[39m picture } \u001b[33m=\u001b[39m \u001b[36mthis\u001b[39m\u001b[33m.\u001b[39mprops[userInfo \u001b[33m?\u001b[39m \u001b[32m'userInfo'\u001b[39m \u001b[33m:\u001b[39m \u001b[32m'fetchReducer'\u001b[39m]\u001b[33m.\u001b[39muser\u001b[0m\u001b[22m\n\u001b[2m    \u001b[0m \u001b[90m 41 | \u001b[39m\u001b[0m\u001b[22m\n\u001b[2m\u001b[22m\n\u001b[2m      \u001b[2mat ViewProfile.render (\u001b[2m\u001b[0m\u001b[36mapp/components/ViewProfile/index.js\u001b[39m\u001b[0m\u001b[2m:38:22)\u001b[2m\u001b[22m\n\u001b[2m      \u001b[2mat ReactShallowRenderer._mountClassComponent (\u001b[2m\u001b[0m\u001b[36mnode_modules/react-test-renderer/cjs/react-test-renderer-shallow.development.js\u001b[39m\u001b[0m\u001b[2m:195:37)\u001b[2m\u001b[22m\n\u001b[2m      \u001b[2mat ReactShallowRenderer.render (\u001b[2m\u001b[0m\u001b[36mnode_modules/react-test-renderer/cjs/react-test-renderer-shallow.development.js\u001b[39m\u001b[0m\u001b[2m:143:14)\u001b[2m\u001b[22m\n\u001b[2m      \u001b[2mat \u001b[2m\u001b[0m\u001b[36mnode_modules/enzyme-adapter-react-16/build/ReactSixteenAdapter.js\u001b[39m\u001b[0m\u001b[2m:287:35\u001b[2m\u001b[22m\n\u001b[2m      \u001b[2mat withSetStateAllowed (\u001b[2m\u001b[0m\u001b[36mnode_modules/enzyme-adapter-utils/build/Utils.js\u001b[39m\u001b[0m\u001b[2m:94:16)\u001b[2m\u001b[22m\n\u001b[2m      \u001b[2mat Object.render (\u001b[2m\u001b[0m\u001b[36mnode_modules/enzyme-adapter-react-16/build/ReactSixteenAdapter.js\u001b[39m\u001b[0m\u001b[2m:286:68)\u001b[2m\u001b[22m\n\u001b[2m      \u001b[2mat new ShallowWrapper (\u001b[2m\u001b[0m\u001b[36mnode_modules/enzyme/build/ShallowWrapper.js\u001b[39m\u001b[0m\u001b[2m:119:22)\u001b[2m\u001b[22m\n\u001b[2m      \u001b[2mat shallow (\u001b[2m\u001b[0m\u001b[36mnode_modules/enzyme/build/shallow.js\u001b[39m\u001b[0m\u001b[2m:19:10)\u001b[2m\u001b[22m\n\u001b[2m      \u001b[2mat setUpComponent (\u001b[2m\u001b[0m\u001b[36mapp/components/ViewProfile/__test__/viewProfile.spec.js\u001b[39m\u001b[0m\u001b[2m:26:17)\u001b[2m\u001b[22m\n\u001b[2m      \u001b[2mat Object.<anonymous> (\u001b[2m\u001b[0m\u001b[36mapp/components/ViewProfile/__test__/viewProfile.spec.js\u001b[39m\u001b[0m\u001b[2m:31:5)\u001b[2m\u001b[22m\n\n\u001b[1m\u001b[31m  \u001b[1m● \u001b[1m<ViewProfile /> › componentDidUpdate › should not call userDbReducer\u001b[39m\u001b[22m\n\n    TypeError: Cannot convert undefined or null to object\n        at keys (<anonymous>)\n\u001b[2m\u001b[22m\n\u001b[2m    \u001b[0m \u001b[90m 36 | \u001b[39m\u001b[0m\u001b[22m\n\u001b[2m    \u001b[0m \u001b[90m 37 | \u001b[39m  render() {\u001b[0m\u001b[22m\n\u001b[2m    \u001b[0m\u001b[31m\u001b[1m>\u001b[2m\u001b[39m\u001b[90m 38 | \u001b[39m    \u001b[36mconst\u001b[39m userInfo \u001b[33m=\u001b[39m \u001b[33mObject\u001b[39m\u001b[33m.\u001b[39mkeys(\u001b[36mthis\u001b[39m\u001b[33m.\u001b[39mprops\u001b[33m.\u001b[39muserInfo\u001b[33m.\u001b[39muser)\u001b[33m.\u001b[39mlength\u001b[0m\u001b[22m\n\u001b[2m    \u001b[0m \u001b[90m    | \u001b[39m                     \u001b[31m\u001b[1m^\u001b[2m\u001b[39m\u001b[0m\u001b[22m\n\u001b[2m    \u001b[0m \u001b[90m 39 | \u001b[39m\u001b[0m\u001b[22m\n\u001b[2m    \u001b[0m \u001b[90m 40 | \u001b[39m    \u001b[36mconst\u001b[39m { name\u001b[33m,\u001b[39m email\u001b[33m,\u001b[39m picture } \u001b[33m=\u001b[39m \u001b[36mthis\u001b[39m\u001b[33m.\u001b[39mprops[userInfo \u001b[33m?\u001b[39m \u001b[32m'userInfo'\u001b[39m \u001b[33m:\u001b[39m \u001b[32m'fetchReducer'\u001b[39m]\u001b[33m.\u001b[39muser\u001b[0m\u001b[22m\n\u001b[2m    \u001b[0m \u001b[90m 41 | \u001b[39m\u001b[0m\u001b[22m\n\u001b[2m\u001b[22m\n\u001b[2m      \u001b[2mat ViewProfile.render (\u001b[2m\u001b[0m\u001b[36mapp/components/ViewProfile/index.js\u001b[39m\u001b[0m\u001b[2m:38:22)\u001b[2m\u001b[22m\n\u001b[2m      \u001b[2mat ReactShallowRenderer._mountClassComponent (\u001b[2m\u001b[0m\u001b[36mnode_modules/react-test-renderer/cjs/react-test-renderer-shallow.development.js\u001b[39m\u001b[0m\u001b[2m:195:37)\u001b[2m\u001b[22m\n\u001b[2m      \u001b[2mat ReactShallowRenderer.render (\u001b[2m\u001b[0m\u001b[36mnode_modules/react-test-renderer/cjs/react-test-renderer-shallow.development.js\u001b[39m\u001b[0m\u001b[2m:143:14)\u001b[2m\u001b[22m\n\u001b[2m      \u001b[2mat \u001b[2m\u001b[0m\u001b[36mnode_modules/enzyme-adapter-react-16/build/ReactSixteenAdapter.js\u001b[39m\u001b[0m\u001b[2m:287:35\u001b[2m\u001b[22m\n\u001b[2m      \u001b[2mat withSetStateAllowed (\u001b[2m\u001b[0m\u001b[36mnode_modules/enzyme-adapter-utils/build/Utils.js\u001b[39m\u001b[0m\u001b[2m:94:16)\u001b[2m\u001b[22m\n\u001b[2m      \u001b[2mat Object.render (\u001b[2m\u001b[0m\u001b[36mnode_modules/enzyme-adapter-react-16/build/ReactSixteenAdapter.js\u001b[39m\u001b[0m\u001b[2m:286:68)\u001b[2m\u001b[22m\n\u001b[2m      \u001b[2mat new ShallowWrapper (\u001b[2m\u001b[0m\u001b[36mnode_modules/enzyme/build/ShallowWrapper.js\u001b[39m\u001b[0m\u001b[2m:119:22)\u001b[2m\u001b[22m\n\u001b[2m      \u001b[2mat shallow (\u001b[2m\u001b[0m\u001b[36mnode_modules/enzyme/build/shallow.js\u001b[39m\u001b[0m\u001b[2m:19:10)\u001b[2m\u001b[22m\n\u001b[2m      \u001b[2mat setUpComponent (\u001b[2m\u001b[0m\u001b[36mapp/components/ViewProfile/__test__/viewProfile.spec.js\u001b[39m\u001b[0m\u001b[2m:26:17)\u001b[2m\u001b[22m\n\u001b[2m      \u001b[2mat Object.<anonymous> (\u001b[2m\u001b[0m\u001b[36mapp/components/ViewProfile/__test__/viewProfile.spec.js\u001b[39m\u001b[0m\u001b[2m:53:7)\u001b[2m\u001b[22m\n\n\u001b[1m\u001b[31m  \u001b[1m● \u001b[1m<ViewProfile /> › mapStateToProps › should return an object\u001b[39m\u001b[22m\n\n    TypeError: Cannot convert undefined or null to object\n        at keys (<anonymous>)\n\u001b[2m\u001b[22m\n\u001b[2m    \u001b[0m \u001b[90m 36 | \u001b[39m\u001b[0m\u001b[22m\n\u001b[2m    \u001b[0m \u001b[90m 37 | \u001b[39m  render() {\u001b[0m\u001b[22m\n\u001b[2m    \u001b[0m\u001b[31m\u001b[1m>\u001b[2m\u001b[39m\u001b[90m 38 | \u001b[39m    \u001b[36mconst\u001b[39m userInfo \u001b[33m=\u001b[39m \u001b[33mObject\u001b[39m\u001b[33m.\u001b[39mkeys(\u001b[36mthis\u001b[39m\u001b[33m.\u001b[39mprops\u001b[33m.\u001b[39muserInfo\u001b[33m.\u001b[39muser)\u001b[33m.\u001b[39mlength\u001b[0m\u001b[22m\n\u001b[2m    \u001b[0m \u001b[90m    | \u001b[39m                     \u001b[31m\u001b[1m^\u001b[2m\u001b[39m\u001b[0m\u001b[22m\n\u001b[2m    \u001b[0m \u001b[90m 39 | \u001b[39m\u001b[0m\u001b[22m\n\u001b[2m    \u001b[0m \u001b[90m 40 | \u001b[39m    \u001b[36mconst\u001b[39m { name\u001b[33m,\u001b[39m email\u001b[33m,\u001b[39m picture } \u001b[33m=\u001b[39m \u001b[36mthis\u001b[39m\u001b[33m.\u001b[39mprops[userInfo \u001b[33m?\u001b[39m \u001b[32m'userInfo'\u001b[39m \u001b[33m:\u001b[39m \u001b[32m'fetchReducer'\u001b[39m]\u001b[33m.\u001b[39muser\u001b[0m\u001b[22m\n\u001b[2m    \u001b[0m \u001b[90m 41 | \u001b[39m\u001b[0m\u001b[22m\n\u001b[2m\u001b[22m\n\u001b[2m      \u001b[2mat ViewProfile.render (\u001b[2m\u001b[0m\u001b[36mapp/components/ViewProfile/index.js\u001b[39m\u001b[0m\u001b[2m:38:22)\u001b[2m\u001b[22m\n\u001b[2m      \u001b[2mat ReactShallowRenderer._mountClassComponent (\u001b[2m\u001b[0m\u001b[36mnode_modules/react-test-renderer/cjs/react-test-renderer-shallow.development.js\u001b[39m\u001b[0m\u001b[2m:195:37)\u001b[2m\u001b[22m\n\u001b[2m      \u001b[2mat ReactShallowRenderer.render (\u001b[2m\u001b[0m\u001b[36mnode_modules/react-test-renderer/cjs/react-test-renderer-shallow.development.js\u001b[39m\u001b[0m\u001b[2m:143:14)\u001b[2m\u001b[22m\n\u001b[2m      \u001b[2mat \u001b[2m\u001b[0m\u001b[36mnode_modules/enzyme-adapter-react-16/build/ReactSixteenAdapter.js\u001b[39m\u001b[0m\u001b[2m:287:35\u001b[2m\u001b[22m\n\u001b[2m      \u001b[2mat withSetStateAllowed (\u001b[2m\u001b[0m\u001b[36mnode_modules/enzyme-adapter-utils/build/Utils.js\u001b[39m\u001b[0m\u001b[2m:94:16)\u001b[2m\u001b[22m\n\u001b[2m      \u001b[2mat Object.render (\u001b[2m\u001b[0m\u001b[36mnode_modules/enzyme-adapter-react-16/build/ReactSixteenAdapter.js\u001b[39m\u001b[0m\u001b[2m:286:68)\u001b[2m\u001b[22m\n\u001b[2m      \u001b[2mat new ShallowWrapper (\u001b[2m\u001b[0m\u001b[36mnode_modules/enzyme/build/ShallowWrapper.js\u001b[39m\u001b[0m\u001b[2m:119:22)\u001b[2m\u001b[22m\n\u001b[2m      \u001b[2mat shallow (\u001b[2m\u001b[0m\u001b[36mnode_modules/enzyme/build/shallow.js\u001b[39m\u001b[0m\u001b[2m:19:10)\u001b[2m\u001b[22m\n\u001b[2m      \u001b[2mat setUpComponent (\u001b[2m\u001b[0m\u001b[36mapp/components/ViewProfile/__test__/viewProfile.spec.js\u001b[39m\u001b[0m\u001b[2m:26:17)\u001b[2m\u001b[22m\n\u001b[2m      \u001b[2mat Object.<anonymous> (\u001b[2m\u001b[0m\u001b[36mapp/components/ViewProfile/__test__/viewProfile.spec.js\u001b[39m\u001b[0m\u001b[2m:31:5)\u001b[2m\u001b[22m\n\n\u001b[1m\u001b[31m  \u001b[1m● \u001b[1m<ViewProfile /> › mapStateToProps › should return an object\u001b[39m\u001b[22m\n\n    \u001b[2mexpect(\u001b[22m\u001b[31mreceived\u001b[39m\u001b[2m).toEqual(\u001b[22m\u001b[32mexpected\u001b[39m\u001b[2m)\u001b[22m\n\n    Expected value to equal:\n      \u001b[32m{\"getUserReducer\": {}, \"userInfo\": {}}\u001b[39m\n    Received:\n      \u001b[31m{\"fetchReducer\": undefined, \"userInfo\": undefined}\u001b[39m\n\n    Difference:\n\n    \u001b[32m- Expected\u001b[39m\n    \u001b[31m+ Received\u001b[39m\n\n    \u001b[2m  Object {\u001b[22m\n    \u001b[32m-   \"getUserReducer\": Object {},\u001b[39m\n    \u001b[32m-   \"userInfo\": Object {},\u001b[39m\n    \u001b[31m+   \"fetchReducer\": undefined,\u001b[39m\n    \u001b[31m+   \"userInfo\": undefined,\u001b[39m\n    \u001b[2m  }\u001b[22m\n\u001b[2m\u001b[22m\n\u001b[2m    \u001b[0m \u001b[90m 71 | \u001b[39m      }\u001b[33m;\u001b[39m\u001b[0m\u001b[22m\n\u001b[2m    \u001b[0m \u001b[90m 72 | \u001b[39m\u001b[0m\u001b[22m\n\u001b[2m    \u001b[0m\u001b[31m\u001b[1m>\u001b[2m\u001b[39m\u001b[90m 73 | \u001b[39m      expect(mapStateToProps(state))\u001b[33m.\u001b[39mtoEqual(expectedResult)\u001b[33m;\u001b[39m\u001b[0m\u001b[22m\n\u001b[2m    \u001b[0m \u001b[90m    | \u001b[39m                                     \u001b[31m\u001b[1m^\u001b[2m\u001b[39m\u001b[0m\u001b[22m\n\u001b[2m    \u001b[0m \u001b[90m 74 | \u001b[39m    })\u001b[0m\u001b[22m\n\u001b[2m    \u001b[0m \u001b[90m 75 | \u001b[39m  })\u001b[0m\u001b[22m\n\u001b[2m    \u001b[0m \u001b[90m 76 | \u001b[39m})\u001b[0m\u001b[22m\n\u001b[2m\u001b[22m\n\u001b[2m      \u001b[2mat Object.<anonymous> (\u001b[2m\u001b[0m\u001b[36mapp/components/ViewProfile/__test__/viewProfile.spec.js\u001b[39m\u001b[0m\u001b[2m:73:38)\u001b[2m\u001b[22m\n","name":"/Users/hoang.tuan.anh/Desktop/simple-react-boilerplate/app/components/ViewProfile/__test__/viewProfile.spec.js","startTime":1531792185592,"status":"failed","summary":""},{"assertionResults":[{"ancestorTitles":["<MovieDetail />","componentDidMount()"],"failureMessages":[],"fullName":"<MovieDetail /> componentDidMount() should call fetchMovie","location":null,"status":"passed","title":"should call fetchMovie"},{"ancestorTitles":["<MovieDetail />","redirectHome"],"failureMessages":[],"fullName":"<MovieDetail /> redirectHome should redirect to home page","location":null,"status":"passed","title":"should redirect to home page"},{"ancestorTitles":["<MovieDetail />","mapStateToProps"],"failureMessages":[],"fullName":"<MovieDetail /> mapStateToProps should return an object","location":null,"status":"passed","title":"should return an object"}],"endTime":1531792188677,"message":"","name":"/Users/hoang.tuan.anh/Desktop/simple-react-boilerplate/app/containers/MovieDetail/__test__/movieDetail.spec.js","startTime":1531792187457,"status":"passed","summary":""},{"assertionResults":[{"ancestorTitles":["<MovieList />","componentDidMount()"],"failureMessages":[],"fullName":"<MovieList /> componentDidMount() should call fetchFilms","location":null,"status":"passed","title":"should call fetchFilms"},{"ancestorTitles":["<MovieList />","mapStateToProps"],"failureMessages":[],"fullName":"<MovieList /> mapStateToProps should return an object","location":null,"status":"passed","title":"should return an object"},{"ancestorTitles":["<MovieList />","render()"],"failureMessages":[],"fullName":"<MovieList /> render() should render <BookMark />","location":null,"status":"passed","title":"should render <BookMark />"},{"ancestorTitles":["<MovieList />","handleBookMark"],"failureMessages":[],"fullName":"<MovieList /> handleBookMark should return true","location":null,"status":"passed","title":"should return true"},{"ancestorTitles":["<MovieList />","handleBookMark"],"failureMessages":[],"fullName":"<MovieList /> handleBookMark should return false","location":null,"status":"passed","title":"should return false"},{"ancestorTitles":["<MovieList />","isBookMark"],"failureMessages":[],"fullName":"<MovieList /> isBookMark should return true","location":null,"status":"passed","title":"should return true"},{"ancestorTitles":["<MovieList />","isBookMark"],"failureMessages":[],"fullName":"<MovieList /> isBookMark should return false","location":null,"status":"passed","title":"should return false"},{"ancestorTitles":["<MovieList />","saveBookMark"],"failureMessages":[],"fullName":"<MovieList /> saveBookMark should call saveFilm prop","location":null,"status":"passed","title":"should call saveFilm prop"},{"ancestorTitles":["<MovieList />","updateBookMark"],"failureMessages":[],"fullName":"<MovieList /> updateBookMark should call updateFilm with data {bookMark: false}","location":null,"status":"passed","title":"should call updateFilm with data {bookMark: false}"},{"ancestorTitles":["<MovieList />","updateBookMark"],"failureMessages":[],"fullName":"<MovieList /> updateBookMark should call updateFilm with data {bookMark: true}","location":null,"status":"passed","title":"should call updateFilm with data {bookMark: true}"}],"endTime":1531792188761,"message":"","name":"/Users/hoang.tuan.anh/Desktop/simple-react-boilerplate/app/containers/MovieList/__test__/movieList.spec.js","startTime":1531792188054,"status":"passed","summary":""},{"assertionResults":[{"ancestorTitles":["<Trailers />","componentDidMount()"],"failureMessages":[],"fullName":"<Trailers /> componentDidMount() should call fetchTrailers","location":null,"status":"passed","title":"should call fetchTrailers"},{"ancestorTitles":["<Trailers />","mapStateToProps"],"failureMessages":[],"fullName":"<Trailers /> mapStateToProps should return an object","location":null,"status":"passed","title":"should return an object"}],"endTime":1531792188819,"message":"","name":"/Users/hoang.tuan.anh/Desktop/simple-react-boilerplate/app/containers/Trailers/__test__/trailer.spec.js","startTime":1531792188597,"status":"passed","summary":""},{"assertionResults":[{"ancestorTitles":["movieDetail reducer"],"failureMessages":[],"fullName":"movieDetail reducer should return initialState if no type of action is provided","location":null,"status":"passed","title":"should return initialState if no type of action is provided"},{"ancestorTitles":["movieDetail reducer"],"failureMessages":[],"fullName":"movieDetail reducer should handle FETCH_MOVIE action","location":null,"status":"passed","title":"should handle FETCH_MOVIE action"},{"ancestorTitles":["movieDetail reducer"],"failureMessages":[],"fullName":"movieDetail reducer should handle FETCH_MOVIE_SUCCESS action","location":null,"status":"passed","title":"should handle FETCH_MOVIE_SUCCESS action"},{"ancestorTitles":["movieDetail reducer"],"failureMessages":[],"fullName":"movieDetail reducer should handle FETCH_MOVIE_FAILURE action","location":null,"status":"passed","title":"should handle FETCH_MOVIE_FAILURE action"}],"endTime":1531792188896,"message":"","name":"/Users/hoang.tuan.anh/Desktop/simple-react-boilerplate/app/containers/MovieDetail/__test__/reducer.spec.js","startTime":1531792188773,"status":"passed","summary":""},{"assertionResults":[{"ancestorTitles":["fetchMovieDetail()"],"failureMessages":[],"fullName":"fetchMovieDetail() should return api respone","location":null,"status":"passed","title":"should return api respone"}],"endTime":1531792188877,"message":"","name":"/Users/hoang.tuan.anh/Desktop/simple-react-boilerplate/app/containers/MovieDetail/__test__/service.spec.js","startTime":1531792188689,"status":"passed","summary":""},{"assertionResults":[{"ancestorTitles":["filmReducer"],"failureMessages":[],"fullName":"filmReducer should return initialState if there is no type of action provided","location":null,"status":"passed","title":"should return initialState if there is no type of action provided"},{"ancestorTitles":["filmReducer"],"failureMessages":[],"fullName":"filmReducer should handle right type of action","location":null,"status":"passed","title":"should handle right type of action"},{"ancestorTitles":["filmReducer"],"failureMessages":[],"fullName":"filmReducer should handle FETCH_FILMS_SUCCESS","location":null,"status":"passed","title":"should handle FETCH_FILMS_SUCCESS"},{"ancestorTitles":["filmReducer"],"failureMessages":[],"fullName":"filmReducer should handle SAVE_FILM_SUCCESS","location":null,"status":"passed","title":"should handle SAVE_FILM_SUCCESS"},{"ancestorTitles":["filmReducer"],"failureMessages":[],"fullName":"filmReducer should handle UPDATE_FILM_SUCCESS","location":null,"status":"passed","title":"should handle UPDATE_FILM_SUCCESS"},{"ancestorTitles":["filmReducer"],"failureMessages":[],"fullName":"filmReducer should handle UPDATE_FILM_SUCCESS","location":null,"status":"passed","title":"should handle UPDATE_FILM_SUCCESS"},{"ancestorTitles":["filmReducer"],"failureMessages":[],"fullName":"filmReducer should handle fail case","location":null,"status":"passed","title":"should handle fail case"}],"endTime":1531792188994,"message":"","name":"/Users/hoang.tuan.anh/Desktop/simple-react-boilerplate/app/containers/MovieList/__test__/reducer.spec.js","startTime":1531792188828,"status":"passed","summary":""},{"assertionResults":[{"ancestorTitles":["combination"],"failureMessages":[],"fullName":"combination should return combineReducers","location":null,"status":"passed","title":"should return combineReducers"}],"endTime":1531792189076,"message":"","name":"/Users/hoang.tuan.anh/Desktop/simple-react-boilerplate/app/__test__/reducers.spec.js","startTime":1531792188909,"status":"passed","summary":""},{"assertionResults":[{"ancestorTitles":["CastsList component"],"failureMessages":[],"fullName":"CastsList component should ...","location":null,"status":"passed","title":"should ..."}],"endTime":1531792189197,"message":"","name":"/Users/hoang.tuan.anh/Desktop/simple-react-boilerplate/app/components/CastsList/__test__/casts.spec.js","startTime":1531792189012,"status":"passed","summary":""},{"assertionResults":[{"ancestorTitles":["<BookMark />","handleClick()"],"failureMessages":[],"fullName":"<BookMark /> handleClick() should call handleBookMark","location":null,"status":"passed","title":"should call handleBookMark"},{"ancestorTitles":["<BookMark />","render()"],"failureMessages":[],"fullName":"<BookMark /> render() should return a span that has attribute heartcolor with value false","location":null,"status":"passed","title":"should return a span that has attribute heartcolor with value false"},{"ancestorTitles":["<BookMark />","render()"],"failureMessages":[],"fullName":"<BookMark /> render() should return a span that has attribute heartcolor with value true","location":null,"status":"passed","title":"should return a span that has attribute heartcolor with value true"}],"endTime":1531792189209,"message":"","name":"/Users/hoang.tuan.anh/Desktop/simple-react-boilerplate/app/components/BookMark/__test__/bookMark.spec.js","startTime":1531792188939,"status":"passed","summary":""},{"assertionResults":[{"ancestorTitles":["<Poster />"],"failureMessages":[],"fullName":"<Poster /> should return a p tag with overview value less than 300 character","location":null,"status":"passed","title":"should return a p tag with overview value less than 300 character"},{"ancestorTitles":["<Poster />"],"failureMessages":[],"fullName":"<Poster /> should return a p tag with overview value more than 300 character","location":null,"status":"passed","title":"should return a p tag with overview value more than 300 character"}],"endTime":1531792189359,"message":"","name":"/Users/hoang.tuan.anh/Desktop/simple-react-boilerplate/app/components/Poster/__test__/poster.spec.js","startTime":1531792189086,"status":"passed","summary":""},{"assertionResults":[{"ancestorTitles":["searchMovieApi()"],"failureMessages":[],"fullName":"searchMovieApi() should return response api","location":null,"status":"passed","title":"should return response api"}],"endTime":1531792189440,"message":"","name":"/Users/hoang.tuan.anh/Desktop/simple-react-boilerplate/app/containers/Search/__test__/service.spec.js","startTime":1531792189218,"status":"passed","summary":""},{"assertionResults":[{"ancestorTitles":["watchFetchRecommendations()"],"failureMessages":[],"fullName":"watchFetchRecommendations() should watch fetchRecommendations","location":null,"status":"passed","title":"should watch fetchRecommendations"},{"ancestorTitles":["fetchRecommendations"],"failureMessages":[],"fullName":"fetchRecommendations should call recommendationsApi","location":null,"status":"passed","title":"should call recommendationsApi"},{"ancestorTitles":["fetchRecommendations"],"failureMessages":[],"fullName":"fetchRecommendations should put fetchRecommendationsSuccess","location":null,"status":"passed","title":"should put fetchRecommendationsSuccess"},{"ancestorTitles":["fetchRecommendations"],"failureMessages":[],"fullName":"fetchRecommendations should put fetchRecommendationsFail","location":null,"status":"passed","title":"should put fetchRecommendationsFail"}],"endTime":1531792189566,"message":"","name":"/Users/hoang.tuan.anh/Desktop/simple-react-boilerplate/app/containers/Recommendations/__test__/saga.spec.js","startTime":1531792189208,"status":"passed","summary":""},{"assertionResults":[{"ancestorTitles":["LoadingFilm component"],"failureMessages":[],"fullName":"LoadingFilm component should ...","location":null,"status":"passed","title":"should ..."}],"endTime":1531792189626,"message":"","name":"/Users/hoang.tuan.anh/Desktop/simple-react-boilerplate/app/components/LoadingFilm/__test__/loadingFilm.spec.js","startTime":1531792189408,"status":"passed","summary":""},{"assertionResults":[{"ancestorTitles":["getFilmsApi()"],"failureMessages":[],"fullName":"getFilmsApi() should return response api","location":null,"status":"passed","title":"should return response api"},{"ancestorTitles":["saveFilmApi()"],"failureMessages":[],"fullName":"saveFilmApi() should return response api","location":null,"status":"passed","title":"should return response api"},{"ancestorTitles":["updateFilmApi()"],"failureMessages":[],"fullName":"updateFilmApi() should return response api","location":null,"status":"passed","title":"should return response api"}],"endTime":1531792189667,"message":"","name":"/Users/hoang.tuan.anh/Desktop/simple-react-boilerplate/app/containers/MovieList/__test__/service.spec.js","startTime":1531792189452,"status":"passed","summary":""},{"assertionResults":[{"ancestorTitles":["<Sort />","sortBy function"],"failureMessages":[],"fullName":"<Sort /> sortBy function should return vote_count.asc","location":null,"status":"passed","title":"should return vote_count.asc"},{"ancestorTitles":["<Sort />","sortBy function"],"failureMessages":[],"fullName":"<Sort /> sortBy function should return vote_count.desc","location":null,"status":"passed","title":"should return vote_count.desc"},{"ancestorTitles":["<Sort />","sortBy function"],"failureMessages":[],"fullName":"<Sort /> sortBy function should return release_date.asc","location":null,"status":"passed","title":"should return release_date.asc"},{"ancestorTitles":["<Sort />","sortBy function"],"failureMessages":[],"fullName":"<Sort /> sortBy function should return release_date.desc","location":null,"status":"passed","title":"should return release_date.desc"},{"ancestorTitles":["<Sort />","handleChange"],"failureMessages":[],"fullName":"<Sort /> handleChange should call setState()","location":null,"status":"passed","title":"should call setState()"}],"endTime":1531792189822,"message":"","name":"/Users/hoang.tuan.anh/Desktop/simple-react-boilerplate/app/containers/SortBy/__test__/sortBy.spec.js","startTime":1531792189576,"status":"passed","summary":""},{"assertionResults":[{"ancestorTitles":["fetchUserApi"],"failureMessages":[],"fullName":"fetchUserApi should return response api","location":null,"status":"passed","title":"should return response api"}],"endTime":1531792189856,"message":"","name":"/Users/hoang.tuan.anh/Desktop/simple-react-boilerplate/app/components/ViewProfile/__test__/service.spec.js","startTime":1531792189636,"status":"passed","summary":""},{"assertionResults":[{"ancestorTitles":["recommendations reducer"],"failureMessages":[],"fullName":"recommendations reducer should be return initialState when no type of action is provided","location":null,"status":"passed","title":"should be return initialState when no type of action is provided"},{"ancestorTitles":["recommendations reducer"],"failureMessages":[],"fullName":"recommendations reducer should handle FETCH_RECOMMENDATIONS type of action","location":null,"status":"passed","title":"should handle FETCH_RECOMMENDATIONS type of action"},{"ancestorTitles":["recommendations reducer"],"failureMessages":[],"fullName":"recommendations reducer should handle FETCH_RECOMMENDATIONS_SUCCESS type of action","location":null,"status":"passed","title":"should handle FETCH_RECOMMENDATIONS_SUCCESS type of action"},{"ancestorTitles":["recommendations reducer"],"failureMessages":[],"fullName":"recommendations reducer should handle FETCH_RECOMMENDATIONS_FAILURE type of action","location":null,"status":"passed","title":"should handle FETCH_RECOMMENDATIONS_FAILURE type of action"}],"endTime":1531792189892,"message":"","name":"/Users/hoang.tuan.anh/Desktop/simple-react-boilerplate/app/containers/Recommendations/__test__/reducer.spec.js","startTime":1531792189687,"status":"passed","summary":""},{"assertionResults":[{"ancestorTitles":["locale reducer"],"failureMessages":[],"fullName":"locale reducer should return initialState if no type of action is provided","location":null,"status":"passed","title":"should return initialState if no type of action is provided"},{"ancestorTitles":["locale reducer"],"failureMessages":[],"fullName":"locale reducer should handle LOCALE_SET type","location":null,"status":"passed","title":"should handle LOCALE_SET type"}],"endTime":1531792190018,"message":"","name":"/Users/hoang.tuan.anh/Desktop/simple-react-boilerplate/reducers/__test__/locale.spec.js","startTime":1531792189890,"status":"passed","summary":""},{"assertionResults":[{"ancestorTitles":["movie detail actions"],"failureMessages":[],"fullName":"movie detail actions should return FETCH_MOVIE type","location":null,"status":"passed","title":"should return FETCH_MOVIE type"},{"ancestorTitles":["movie detail actions"],"failureMessages":[],"fullName":"movie detail actions should return FETCH_MOVIE_SUCCESS type","location":null,"status":"passed","title":"should return FETCH_MOVIE_SUCCESS type"},{"ancestorTitles":["movie detail actions"],"failureMessages":[],"fullName":"movie detail actions should return FETCH_MOVIE_FAILURE type","location":null,"status":"passed","title":"should return FETCH_MOVIE_FAILURE type"}],"endTime":1531792190033,"message":"","name":"/Users/hoang.tuan.anh/Desktop/simple-react-boilerplate/app/containers/MovieDetail/__test__/actions.spec.js","startTime":1531792189904,"status":"passed","summary":""},{"assertionResults":[{"ancestorTitles":["recommendationsApi()"],"failureMessages":[],"fullName":"recommendationsApi() should return response api","location":null,"status":"passed","title":"should return response api"}],"endTime":1531792190032,"message":"","name":"/Users/hoang.tuan.anh/Desktop/simple-react-boilerplate/app/containers/Recommendations/__test__/service.spec.js","startTime":1531792189832,"status":"passed","summary":""},{"assertionResults":[{"ancestorTitles":["<RecommendationList />"],"failureMessages":[],"fullName":"<RecommendationList /> should return div tag","location":null,"status":"passed","title":"should return div tag"}],"endTime":1531792190351,"message":"","name":"/Users/hoang.tuan.anh/Desktop/simple-react-boilerplate/app/components/RecommendationList/__test__/recommendations.spec.js","startTime":1531792190058,"status":"passed","summary":""},{"assertionResults":[{"ancestorTitles":["withReducer"],"failureMessages":[],"fullName":"withReducer should return a wrappedComponent","location":null,"status":"passed","title":"should return a wrappedComponent"}],"endTime":1531792190431,"message":"","name":"/Users/hoang.tuan.anh/Desktop/simple-react-boilerplate/utils/__test__/withReducer.spec.js","startTime":1531792190116,"status":"passed","summary":""},{"assertionResults":[{"ancestorTitles":["<Recommendations />","componentDidMount()"],"failureMessages":[],"fullName":"<Recommendations /> componentDidMount() should call fetchRecommendations","location":null,"status":"passed","title":"should call fetchRecommendations"},{"ancestorTitles":["<Recommendations />","mapStateToProps"],"failureMessages":[],"fullName":"<Recommendations /> mapStateToProps should return an object","location":null,"status":"passed","title":"should return an object"}],"endTime":1531792190452,"message":"","name":"/Users/hoang.tuan.anh/Desktop/simple-react-boilerplate/app/containers/Recommendations/__test__/recommendations.spec.js","startTime":1531792190084,"status":"passed","summary":""},{"assertionResults":[{"ancestorTitles":["view profile reducer"],"failureMessages":[],"fullName":"view profile reducer should return initialState if there is no type of action provided","location":null,"status":"passed","title":"should return initialState if there is no type of action provided"},{"ancestorTitles":["view profile reducer"],"failureMessages":[],"fullName":"view profile reducer should handle FETCH_USER type","location":null,"status":"passed","title":"should handle FETCH_USER type"},{"ancestorTitles":["view profile reducer"],"failureMessages":[],"fullName":"view profile reducer should handle FETCH_USER_SUCCESS type","location":null,"status":"passed","title":"should handle FETCH_USER_SUCCESS type"},{"ancestorTitles":["view profile reducer"],"failureMessages":[],"fullName":"view profile reducer should handle FETCH_USER_FAIL type","location":null,"status":"passed","title":"should handle FETCH_USER_FAIL type"}],"endTime":1531792190606,"message":"","name":"/Users/hoang.tuan.anh/Desktop/simple-react-boilerplate/app/components/ViewProfile/__test__/reducer.spec.js","startTime":1531792190416,"status":"passed","summary":""},{"assertionResults":[{"ancestorTitles":["search movie actions"],"failureMessages":[],"fullName":"search movie actions should return SEARCH_MOVIE type","location":null,"status":"passed","title":"should return SEARCH_MOVIE type"},{"ancestorTitles":["search movie actions"],"failureMessages":[],"fullName":"search movie actions should return SEARCH_MOVIE_SUCCESS type","location":null,"status":"passed","title":"should return SEARCH_MOVIE_SUCCESS type"},{"ancestorTitles":["search movie actions"],"failureMessages":[],"fullName":"search movie actions should return SEARCH_MOVIE_FAILURE type","location":null,"status":"passed","title":"should return SEARCH_MOVIE_FAILURE type"}],"endTime":1531792190666,"message":"","name":"/Users/hoang.tuan.anh/Desktop/simple-react-boilerplate/app/containers/Search/__test__/actions.spec.js","startTime":1531792190472,"status":"passed","summary":""},{"assertionResults":[{"ancestorTitles":["sortApi()"],"failureMessages":[],"fullName":"sortApi() should return response api","location":null,"status":"passed","title":"should return response api"}],"endTime":1531792190681,"message":"","name":"/Users/hoang.tuan.anh/Desktop/simple-react-boilerplate/app/containers/SortBy/__test__/service.spec.js","startTime":1531792190442,"status":"passed","summary":""},{"assertionResults":[{"ancestorTitles":["fetchFilms()"],"failureMessages":[],"fullName":"fetchFilms() should return FETCH_FILMS type","location":null,"status":"passed","title":"should return FETCH_FILMS type"},{"ancestorTitles":["fetchFilmsSuccess()"],"failureMessages":[],"fullName":"fetchFilmsSuccess() should return FETCH_FILMS_SUCCESS type","location":null,"status":"passed","title":"should return FETCH_FILMS_SUCCESS type"},{"ancestorTitles":["fetchFilmsFail()"],"failureMessages":[],"fullName":"fetchFilmsFail() should return FETCH_FILMS_FAIL type","location":null,"status":"passed","title":"should return FETCH_FILMS_FAIL type"},{"ancestorTitles":["saveFilm()"],"failureMessages":[],"fullName":"saveFilm() should return SAVE_FILM type","location":null,"status":"passed","title":"should return SAVE_FILM type"},{"ancestorTitles":["saveFilmSuccess()"],"failureMessages":[],"fullName":"saveFilmSuccess() should return SAVE_FILM_SUCCESS type","location":null,"status":"passed","title":"should return SAVE_FILM_SUCCESS type"},{"ancestorTitles":["saveFilmFail()"],"failureMessages":[],"fullName":"saveFilmFail() should return SAVE_FILM_FAIL type","location":null,"status":"passed","title":"should return SAVE_FILM_FAIL type"},{"ancestorTitles":["updateFilm()"],"failureMessages":[],"fullName":"updateFilm() should return UPDATE_FILM type","location":null,"status":"passed","title":"should return UPDATE_FILM type"},{"ancestorTitles":["updateFilmSuccess()"],"failureMessages":[],"fullName":"updateFilmSuccess() should return UPDATE_FILM_SUCCESS type","location":null,"status":"passed","title":"should return UPDATE_FILM_SUCCESS type"},{"ancestorTitles":["updateFilmFail()"],"failureMessages":[],"fullName":"updateFilmFail() should return UPDATE_FILM_FAIL type","location":null,"status":"passed","title":"should return UPDATE_FILM_FAIL type"}],"endTime":1531792190832,"message":"","name":"/Users/hoang.tuan.anh/Desktop/simple-react-boilerplate/app/containers/MovieList/__test__/action.spec.js","startTime":1531792190633,"status":"passed","summary":""},{"assertionResults":[{"ancestorTitles":["trailer movie actions"],"failureMessages":[],"fullName":"trailer movie actions should return FETCH_TRAILERS type","location":null,"status":"passed","title":"should return FETCH_TRAILERS type"},{"ancestorTitles":["trailer movie actions"],"failureMessages":[],"fullName":"trailer movie actions should return FETCH_TRAILERS_SUCCESS type","location":null,"status":"passed","title":"should return FETCH_TRAILERS_SUCCESS type"},{"ancestorTitles":["trailer movie actions"],"failureMessages":[],"fullName":"trailer movie actions should return FETCH_TRAILERS_FAILURE type","location":null,"status":"passed","title":"should return FETCH_TRAILERS_FAILURE type"}],"endTime":1531792190872,"message":"","name":"/Users/hoang.tuan.anh/Desktop/simple-react-boilerplate/app/containers/Trailers/__test__/actions.spec.js","startTime":1531792190680,"status":"passed","summary":""},{"assertionResults":[{"ancestorTitles":["movieDetail Saga"],"failureMessages":[],"fullName":"movieDetail Saga should watch FETCH_MOVIE","location":null,"status":"passed","title":"should watch FETCH_MOVIE"},{"ancestorTitles":["fetchMovie()"],"failureMessages":[],"fullName":"fetchMovie() should fetchMovie","location":null,"status":"passed","title":"should fetchMovie"},{"ancestorTitles":["fetchMovie()"],"failureMessages":[],"fullName":"fetchMovie() should put fetchMovieSuccess","location":null,"status":"passed","title":"should put fetchMovieSuccess"},{"ancestorTitles":["fetchMovie()"],"failureMessages":[],"fullName":"fetchMovie() should put fetchMovieFail","location":null,"status":"passed","title":"should put fetchMovieFail"}],"endTime":1531792190924,"message":"","name":"/Users/hoang.tuan.anh/Desktop/simple-react-boilerplate/app/containers/MovieDetail/__test__/saga.spec.js","startTime":1531792190696,"status":"passed","summary":""},{"assertionResults":[{"ancestorTitles":["fetchTrailerList"],"failureMessages":[],"fullName":"fetchTrailerList should return response api","location":null,"status":"passed","title":"should return response api"}],"endTime":1531792191087,"message":"","name":"/Users/hoang.tuan.anh/Desktop/simple-react-boilerplate/app/containers/Trailers/__test__/service.spec.js","startTime":1531792190846,"status":"passed","summary":""},{"assertionResults":[{"ancestorTitles":["<TrailerList />"],"failureMessages":[],"fullName":"<TrailerList /> should return div tag","location":null,"status":"passed","title":"should return div tag"}],"endTime":1531792191148,"message":"","name":"/Users/hoang.tuan.anh/Desktop/simple-react-boilerplate/app/components/TrailerList/__test__/trailerList.spec.js","startTime":1531792190894,"status":"passed","summary":""},{"assertionResults":[{"ancestorTitles":["watchFetchTrailers"],"failureMessages":[],"fullName":"watchFetchTrailers should watch searchMovie","location":null,"status":"passed","title":"should watch searchMovie"},{"ancestorTitles":["fetchTrailers"],"failureMessages":[],"fullName":"fetchTrailers should call api","location":null,"status":"passed","title":"should call api"},{"ancestorTitles":["fetchTrailers"],"failureMessages":[],"fullName":"fetchTrailers should put fetchTrailersSuccess","location":null,"status":"passed","title":"should put fetchTrailersSuccess"},{"ancestorTitles":["fetchTrailers"],"failureMessages":[],"fullName":"fetchTrailers should put fetchTrailersFail","location":null,"status":"passed","title":"should put fetchTrailersFail"}],"endTime":1531792191266,"message":"","name":"/Users/hoang.tuan.anh/Desktop/simple-react-boilerplate/app/containers/Trailers/__test__/saga.spec.js","startTime":1531792190980,"status":"passed","summary":""},{"assertionResults":[{"ancestorTitles":["watchSortFilm"],"failureMessages":[],"fullName":"watchSortFilm should watch searchMovie","location":null,"status":"passed","title":"should watch searchMovie"},{"ancestorTitles":["sortFilm"],"failureMessages":[],"fullName":"sortFilm should call api","location":null,"status":"passed","title":"should call api"},{"ancestorTitles":["sortFilm"],"failureMessages":[],"fullName":"sortFilm should put sortFilmSuccess","location":null,"status":"passed","title":"should put sortFilmSuccess"},{"ancestorTitles":["sortFilm"],"failureMessages":[],"fullName":"sortFilm should put sortFilmFailure","location":null,"status":"passed","title":"should put sortFilmFailure"}],"endTime":1531792191436,"message":"","name":"/Users/hoang.tuan.anh/Desktop/simple-react-boilerplate/app/containers/SortBy/__test__/saga.spec.js","startTime":1531792191158,"status":"passed","summary":""},{"assertionResults":[{"ancestorTitles":["watchFetchFilms()"],"failureMessages":[],"fullName":"watchFetchFilms() should watch fetchFilms","location":null,"status":"passed","title":"should watch fetchFilms"},{"ancestorTitles":["fetchFilms()"],"failureMessages":[],"fullName":"fetchFilms() should call getFilmsApi","location":null,"status":"passed","title":"should call getFilmsApi"},{"ancestorTitles":["fetchFilms()"],"failureMessages":[],"fullName":"fetchFilms() should put fetchFilmsSuccess","location":null,"status":"passed","title":"should put fetchFilmsSuccess"},{"ancestorTitles":["fetchFilms()"],"failureMessages":[],"fullName":"fetchFilms() should put fetchFilmsFail","location":null,"status":"passed","title":"should put fetchFilmsFail"},{"ancestorTitles":["watchSaveFilm()"],"failureMessages":[],"fullName":"watchSaveFilm() should watch fetchFilms","location":null,"status":"passed","title":"should watch fetchFilms"},{"ancestorTitles":["saveFilm()"],"failureMessages":[],"fullName":"saveFilm() should call getFilmsApi","location":null,"status":"passed","title":"should call getFilmsApi"},{"ancestorTitles":["saveFilm()"],"failureMessages":[],"fullName":"saveFilm() should put saveFilmSuccess","location":null,"status":"passed","title":"should put saveFilmSuccess"},{"ancestorTitles":["saveFilm()"],"failureMessages":[],"fullName":"saveFilm() should put saveFilmFail","location":null,"status":"passed","title":"should put saveFilmFail"},{"ancestorTitles":["watchUpdateFilm()"],"failureMessages":[],"fullName":"watchUpdateFilm() should watch fetchFilms","location":null,"status":"passed","title":"should watch fetchFilms"},{"ancestorTitles":["updateFilm()"],"failureMessages":[],"fullName":"updateFilm() should call getFilmsApi","location":null,"status":"passed","title":"should call getFilmsApi"},{"ancestorTitles":["updateFilm()"],"failureMessages":[],"fullName":"updateFilm() should put updateFilmSuccess","location":null,"status":"passed","title":"should put updateFilmSuccess"},{"ancestorTitles":["updateFilm()"],"failureMessages":[],"fullName":"updateFilm() should put updateFilmFail","location":null,"status":"passed","title":"should put updateFilmFail"}],"endTime":1531792191470,"message":"","name":"/Users/hoang.tuan.anh/Desktop/simple-react-boilerplate/app/containers/MovieList/__test__/saga.spec.js","startTime":1531792191136,"status":"passed","summary":""},{"assertionResults":[{"ancestorTitles":["watchSearchMovie"],"failureMessages":[],"fullName":"watchSearchMovie should watch searchMovie","location":null,"status":"passed","title":"should watch searchMovie"},{"ancestorTitles":["searchMovie"],"failureMessages":[],"fullName":"searchMovie should call api","location":null,"status":"passed","title":"should call api"},{"ancestorTitles":["searchMovie"],"failureMessages":[],"fullName":"searchMovie should put searchMovieSuccess","location":null,"status":"passed","title":"should put searchMovieSuccess"},{"ancestorTitles":["searchMovie"],"failureMessages":[],"fullName":"searchMovie should put searchMovieFail","location":null,"status":"passed","title":"should put searchMovieFail"}],"endTime":1531792191558,"message":"","name":"/Users/hoang.tuan.anh/Desktop/simple-react-boilerplate/app/containers/Search/__test__/saga.spec.js","startTime":1531792191281,"status":"passed","summary":""},{"assertionResults":[{"ancestorTitles":["trailer reducer"],"failureMessages":[],"fullName":"trailer reducer should return initialState if no type of action is provided","location":null,"status":"passed","title":"should return initialState if no type of action is provided"},{"ancestorTitles":["trailer reducer"],"failureMessages":[],"fullName":"trailer reducer should handle FETCH_TRAILERS action","location":null,"status":"passed","title":"should handle FETCH_TRAILERS action"},{"ancestorTitles":["trailer reducer"],"failureMessages":[],"fullName":"trailer reducer should handle FETCH_TRAILERS_SUCCESS action","location":null,"status":"passed","title":"should handle FETCH_TRAILERS_SUCCESS action"},{"ancestorTitles":["trailer reducer"],"failureMessages":[],"fullName":"trailer reducer should handle FETCH_TRAILERS_FAILURE action","location":null,"status":"passed","title":"should handle FETCH_TRAILERS_FAILURE action"}],"endTime":1531792191697,"message":"","name":"/Users/hoang.tuan.anh/Desktop/simple-react-boilerplate/app/containers/Trailers/__test__/reducer.spec.js","startTime":1531792191445,"status":"passed","summary":""},{"assertionResults":[{"ancestorTitles":["user profile action"],"failureMessages":[],"fullName":"user profile action should return FETCH_USER type","location":null,"status":"passed","title":"should return FETCH_USER type"},{"ancestorTitles":["user profile action"],"failureMessages":[],"fullName":"user profile action should return FETCH_USER_SUCCESS type","location":null,"status":"passed","title":"should return FETCH_USER_SUCCESS type"},{"ancestorTitles":["user profile action"],"failureMessages":[],"fullName":"user profile action should return FETCH_USER_FAIL type","location":null,"status":"passed","title":"should return FETCH_USER_FAIL type"}],"endTime":1531792191711,"message":"","name":"/Users/hoang.tuan.anh/Desktop/simple-react-boilerplate/app/components/ViewProfile/__test__/action.spec.js","startTime":1531792191482,"status":"passed","summary":""},{"assertionResults":[{"ancestorTitles":["saveUserDb action"],"failureMessages":[],"fullName":"saveUserDb action should return SAVE_USER type","location":null,"status":"passed","title":"should return SAVE_USER type"},{"ancestorTitles":["saveUserDbSuccess action"],"failureMessages":[],"fullName":"saveUserDbSuccess action should return SAVE_USER_DB_SUCCESS type","location":null,"status":"passed","title":"should return SAVE_USER_DB_SUCCESS type"},{"ancestorTitles":["saveUserDbFail action"],"failureMessages":[],"fullName":"saveUserDbFail action should return SAVE_USER_DB_FAIL type","location":null,"status":"passed","title":"should return SAVE_USER_DB_FAIL type"}],"endTime":1531792191783,"message":"","name":"/Users/hoang.tuan.anh/Desktop/simple-react-boilerplate/app/containers/Login/__test__/action.spec.js","startTime":1531792191568,"status":"passed","summary":""},{"assertionResults":[{"ancestorTitles":["sort movie actions"],"failureMessages":[],"fullName":"sort movie actions should return SORT_FILM type","location":null,"status":"passed","title":"should return SORT_FILM type"},{"ancestorTitles":["sort movie actions"],"failureMessages":[],"fullName":"sort movie actions should return SORT_FILM_SUCCESS type","location":null,"status":"passed","title":"should return SORT_FILM_SUCCESS type"},{"ancestorTitles":["sort movie actions"],"failureMessages":[],"fullName":"sort movie actions should return SORT_FILM_FAILURE type","location":null,"status":"passed","title":"should return SORT_FILM_FAILURE type"}],"endTime":1531792191956,"message":"","name":"/Users/hoang.tuan.anh/Desktop/simple-react-boilerplate/app/containers/SortBy/__test__/action.spec.js","startTime":1531792191720,"status":"passed","summary":""},{"assertionResults":[{"ancestorTitles":["saveUserApi()"],"failureMessages":[],"fullName":"saveUserApi() should return response api","location":null,"status":"passed","title":"should return response api"}],"endTime":1531792191958,"message":"","name":"/Users/hoang.tuan.anh/Desktop/simple-react-boilerplate/app/containers/Login/__test__/service.spec.js","startTime":1531792191726,"status":"passed","summary":""}],"wasInterrupted":false}